#
# There is insufficient memory for the Java Runtime Environment to continue.
# Native memory allocation (malloc) failed to allocate 800416 bytes. Error detail: Chunk::new
# Possible reasons:
#   The system is out of physical RAM or swap space
#   This process is running with CompressedOops enabled, and the Java Heap may be blocking the growth of the native heap
# Possible solutions:
#   Reduce memory load on the system
#   Increase physical memory or swap space
#   Check if swap backing store is full
#   Decrease Java heap size (-Xmx/-Xms)
#   Decrease number of Java threads
#   Decrease Java thread stack sizes (-Xss)
#   Set larger code cache with -XX:ReservedCodeCacheSize=
#   JVM is running with Unscaled Compressed Oops mode in which the Java heap is
#     placed in the first 4GB address space. The Java Heap base address is the
#     maximum limit for the native heap growth. Please use -XX:HeapBaseMinAddress
#     to set the Java Heap base and to place the Java Heap above 4GB virtual address.
# This output file may be truncated or incomplete.
#
#  Out of Memory Error (arena.cpp:168), pid=15472, tid=10680
#
# JRE version: OpenJDK Runtime Environment Temurin-21.0.7+6 (21.0.7+6) (build 21.0.7+6-LTS)
# Java VM: OpenJDK 64-Bit Server VM Temurin-21.0.7+6 (21.0.7+6-LTS, mixed mode, sharing, tiered, compressed oops, compressed class ptrs, parallel gc, windows-amd64)
# No core dump will be written. Minidumps are not enabled by default on client versions of Windows
#

---------------  S U M M A R Y ------------

Command Line: --add-modules=ALL-SYSTEM --add-opens=java.base/java.util=ALL-UNNAMED --add-opens=java.base/java.lang=ALL-UNNAMED --add-opens=java.base/sun.nio.fs=ALL-UNNAMED -Declipse.application=org.eclipse.jdt.ls.core.id1 -Dosgi.bundles.defaultStartLevel=4 -Declipse.product=org.eclipse.jdt.ls.core.product -Djava.import.generatesMetadataFilesAtProjectRoot=false -DDetectVMInstallationsJob.disabled=true -Dfile.encoding=utf8 -XX:+UseParallelGC -XX:GCTimeRatio=4 -XX:AdaptiveSizePolicyWeight=90 -Dsun.zip.disableMemoryMapping=true -Xmx1G -Xms100m -Xlog:disable -javaagent:c:\Users\alanp.DESKTOP-94EMTC4.000\.vscode\extensions\redhat.java-1.42.0-win32-x64\lombok\lombok-1.18.36.jar -XX:+HeapDumpOnOutOfMemoryError -XX:HeapDumpPath=c:\Users\alanp.DESKTOP-94EMTC4.000\AppData\Roaming\Code\User\workspaceStorage\fa41ceedfd5d67469da4beb8e517eeeb\redhat.java -Daether.dependencyCollector.impl=bf c:\Users\alanp.DESKTOP-94EMTC4.000\.vscode\extensions\redhat.java-1.42.0-win32-x64\server\plugins\org.eclipse.equinox.launcher_1.7.0.v20250424-1814.jar -configuration c:\Users\alanp.DESKTOP-94EMTC4.000\AppData\Roaming\Code\User\globalStorage\redhat.java\1.42.0\config_win -data c:\Users\alanp.DESKTOP-94EMTC4.000\AppData\Roaming\Code\User\workspaceStorage\fa41ceedfd5d67469da4beb8e517eeeb\redhat.java\jdt_ws --pipe=\\.\pipe\lsp-d0e9a40e0a7819ad93a9b516edda5d23-sock

Host: Intel(R) Core(TM) i3-4130 CPU @ 3.40GHz, 4 cores, 3G,  Windows 10 , 64 bit Build 19041 (10.0.19041.5794)
Time: Tue May 27 11:57:57 2025 India Standard Time elapsed time: 40.920293 seconds (0d 0h 0m 40s)

---------------  T H R E A D  ---------------

Current thread (0x000001674780b8b0):  JavaThread "C2 CompilerThread0" daemon [_thread_in_native, id=10680, stack(0x000000453d200000,0x000000453d300000) (1024K)]


Current CompileTask:
C2:40920 5489   !   4       org.eclipse.osgi.internal.loader.classpath.ClasspathManager::defineClass (636 bytes)

Stack: [0x000000453d200000,0x000000453d300000]
Native frames: (J=compiled Java code, j=interpreted, Vv=VM code, C=native code)
V  [jvm.dll+0x6ce119]
V  [jvm.dll+0x8a84a1]
V  [jvm.dll+0x8aa9ce]
V  [jvm.dll+0x8ab0b3]
V  [jvm.dll+0x27f8a6]
V  [jvm.dll+0xc507d]
V  [jvm.dll+0xc55b3]
V  [jvm.dll+0x2f2c6d]
V  [jvm.dll+0x5f6bca]
V  [jvm.dll+0x250cb2]
V  [jvm.dll+0x249626]
V  [jvm.dll+0x246fc4]
V  [jvm.dll+0x1c760e]
V  [jvm.dll+0x25695a]
V  [jvm.dll+0x254efa]
V  [jvm.dll+0x3f03f6]
V  [jvm.dll+0x851f6b]
V  [jvm.dll+0x6cc7dd]
C  [ucrtbase.dll+0x21bb2]
C  [KERNEL32.DLL+0x17374]
C  [ntdll.dll+0x4cc91]


---------------  P R O C E S S  ---------------

Threads class SMR info:
_java_thread_list=0x000001678ed35f60, length=32, elements={
0x00000167334d21c0, 0x00000167477f8f10, 0x00000167477fc470, 0x00000167477fdd20,
0x00000167477fea30, 0x00000167477ff740, 0x00000167478019e0, 0x000001674780b8b0,
0x000001674782ea00, 0x000001673353dc10, 0x000001678993a910, 0x000001678e3b2400,
0x00000167899ca930, 0x000001678e3d1140, 0x000001678e8abf60, 0x000001678e2ba250,
0x000001678e2b8810, 0x000001678e2ba8e0, 0x000001678e2bb600, 0x000001678e2b9530,
0x000001678e2b8180, 0x000001678e2baf70, 0x000001678e2b9bc0, 0x000001678fa1ba80,
0x000001678fa1ad60, 0x000001678fa1b3f0, 0x000001678fa18c90, 0x000001678fa18600,
0x000001678fa1a6d0, 0x000001678fa1a040, 0x000001678fa199b0, 0x000001678fa19320
}

Java Threads: ( => current thread )
  0x00000167334d21c0 JavaThread "main"                              [_thread_in_vm, id=8004, stack(0x000000453c800000,0x000000453c900000) (1024K)]
  0x00000167477f8f10 JavaThread "Reference Handler"          daemon [_thread_blocked, id=11200, stack(0x000000453cc00000,0x000000453cd00000) (1024K)]
  0x00000167477fc470 JavaThread "Finalizer"                  daemon [_thread_blocked, id=9292, stack(0x000000453cd00000,0x000000453ce00000) (1024K)]
  0x00000167477fdd20 JavaThread "Signal Dispatcher"          daemon [_thread_blocked, id=6868, stack(0x000000453ce00000,0x000000453cf00000) (1024K)]
  0x00000167477fea30 JavaThread "Attach Listener"            daemon [_thread_blocked, id=8272, stack(0x000000453cf00000,0x000000453d000000) (1024K)]
  0x00000167477ff740 JavaThread "Service Thread"             daemon [_thread_blocked, id=9500, stack(0x000000453d000000,0x000000453d100000) (1024K)]
  0x00000167478019e0 JavaThread "Monitor Deflation Thread"   daemon [_thread_blocked, id=8976, stack(0x000000453d100000,0x000000453d200000) (1024K)]
=>0x000001674780b8b0 JavaThread "C2 CompilerThread0"         daemon [_thread_in_native, id=10680, stack(0x000000453d200000,0x000000453d300000) (1024K)]
  0x000001674782ea00 JavaThread "C1 CompilerThread0"         daemon [_thread_blocked, id=2852, stack(0x000000453d300000,0x000000453d400000) (1024K)]
  0x000001673353dc10 JavaThread "Common-Cleaner"             daemon [_thread_blocked, id=1124, stack(0x000000453d400000,0x000000453d500000) (1024K)]
  0x000001678993a910 JavaThread "Notification Thread"        daemon [_thread_blocked, id=6744, stack(0x000000453d500000,0x000000453d600000) (1024K)]
  0x000001678e3b2400 JavaThread "Active Thread: Equinox Container: 50806b76-5412-4c68-af80-ce0db43aeb1d"        [_thread_blocked, id=11708, stack(0x000000453dd00000,0x000000453de00000) (1024K)]
  0x00000167899ca930 JavaThread "Framework Event Dispatcher: Equinox Container: 50806b76-5412-4c68-af80-ce0db43aeb1d" daemon [_thread_blocked, id=14948, stack(0x000000453de00000,0x000000453df00000) (1024K)]
  0x000001678e3d1140 JavaThread "Start Level: Equinox Container: 50806b76-5412-4c68-af80-ce0db43aeb1d" daemon [_thread_blocked, id=9308, stack(0x000000453df00000,0x000000453e000000) (1024K)]
  0x000001678e8abf60 JavaThread "Refresh Thread: Equinox Container: 50806b76-5412-4c68-af80-ce0db43aeb1d" daemon [_thread_blocked, id=3308, stack(0x000000453d900000,0x000000453da00000) (1024K)]
  0x000001678e2ba250 JavaThread "Bundle File Closer"         daemon [_thread_blocked, id=7992, stack(0x000000453e100000,0x000000453e200000) (1024K)]
  0x000001678e2b8810 JavaThread "SCR Component Actor"        daemon [_thread_blocked, id=3368, stack(0x000000453da00000,0x000000453db00000) (1024K)]
  0x000001678e2ba8e0 JavaThread "Worker-JM"                         [_thread_blocked, id=8936, stack(0x000000453dc00000,0x000000453dd00000) (1024K)]
  0x000001678e2bb600 JavaThread "Worker-0: Repository registry initialization"        [_thread_blocked, id=13004, stack(0x000000453e000000,0x000000453e100000) (1024K)]
  0x000001678e2b9530 JavaThread "Worker-1: Updating Maven Dependencies"        [_thread_in_vm, id=9140, stack(0x000000453e200000,0x000000453e300000) (1024K)] _threads_hazard_ptr=0x000001678ed35f60
  0x000001678e2b8180 JavaThread "Worker-2: Initialize After Load"        [_thread_blocked, id=14072, stack(0x000000453e300000,0x000000453e400000) (1024K)]
  0x000001678e2baf70 JavaThread "Worker-3: Loading available Gradle versions"        [_thread_in_Java, id=15740, stack(0x000000453e400000,0x000000453e500000) (1024K)]
  0x000001678e2b9bc0 JavaThread "Java indexing"              daemon [_thread_blocked, id=10736, stack(0x000000453e500000,0x000000453e600000) (1024K)]
  0x000001678fa1ba80 JavaThread "JNA Cleaner"                daemon [_thread_blocked, id=12384, stack(0x000000453e600000,0x000000453e700000) (1024K)]
  0x000001678fa1ad60 JavaThread "Worker-4"                          [_thread_blocked, id=7608, stack(0x000000453e900000,0x000000453ea00000) (1024K)]
  0x000001678fa1b3f0 JavaThread "Worker-5"                          [_thread_blocked, id=11872, stack(0x000000453db00000,0x000000453dc00000) (1024K)]
  0x000001678fa18c90 JavaThread "Thread-2"                   daemon [_thread_in_native, id=3608, stack(0x000000453ea00000,0x000000453eb00000) (1024K)]
  0x000001678fa18600 JavaThread "Thread-3"                   daemon [_thread_in_native, id=13808, stack(0x000000453eb00000,0x000000453ec00000) (1024K)]
  0x000001678fa1a6d0 JavaThread "Thread-4"                   daemon [_thread_in_native, id=10532, stack(0x000000453ec00000,0x000000453ed00000) (1024K)]
  0x000001678fa1a040 JavaThread "Thread-5"                   daemon [_thread_in_native, id=15080, stack(0x000000453ed00000,0x000000453ee00000) (1024K)]
  0x000001678fa199b0 JavaThread "Thread-6"                   daemon [_thread_in_native, id=16020, stack(0x000000453ee00000,0x000000453ef00000) (1024K)]
  0x000001678fa19320 JavaThread "pool-2-thread-1"                   [_thread_blocked, id=11108, stack(0x000000453ef00000,0x000000453f000000) (1024K)]
Total: 32

Other Threads:
  0x000001673358e6d0 VMThread "VM Thread"                           [id=14740, stack(0x000000453cb00000,0x000000453cc00000) (1024K)]
  0x000001673353ba70 WatcherThread "VM Periodic Task Thread"        [id=11392, stack(0x000000453ca00000,0x000000453cb00000) (1024K)]
  0x00000167334f1550 WorkerThread "GC Thread#0"                     [id=10460, stack(0x000000453c900000,0x000000453ca00000) (1024K)]
  0x0000016789a4a170 WorkerThread "GC Thread#1"                     [id=13580, stack(0x000000453d600000,0x000000453d700000) (1024K)]
  0x000001678e352ed0 WorkerThread "GC Thread#2"                     [id=9684, stack(0x000000453d700000,0x000000453d800000) (1024K)]
  0x0000016789a4a510 WorkerThread "GC Thread#3"                     [id=684, stack(0x000000453d800000,0x000000453d900000) (1024K)]
Total: 6

Threads with active compile tasks:
C2 CompilerThread0  40965 5489   !   4       org.eclipse.osgi.internal.loader.classpath.ClasspathManager::defineClass (636 bytes)
Total: 1

VM state: not at safepoint (normal execution)

VM Mutex/Monitor currently owned by a thread: None

Heap address: 0x00000000c0000000, size: 1024 MB, Compressed Oops mode: 32-bit

CDS archive(s) mapped at: [0x0000016748000000-0x0000016748ba0000-0x0000016748ba0000), size 12189696, SharedBaseAddress: 0x0000016748000000, ArchiveRelocationMode: 1.
Compressed class space mapped at: 0x0000016749000000-0x0000016789000000, reserved size: 1073741824
Narrow klass base: 0x0000016748000000, Narrow klass shift: 0, Narrow klass range: 0x100000000

GC Precious Log:
 CardTable entry size: 512
 CPUs: 4 total, 4 available
 Memory: 4054M
 Large Page Support: Disabled
 NUMA Support: Disabled
 Compressed Oops: Enabled (32-bit)
 Alignments: Space 512K, Generation 512K, Heap 2M
 Heap Min Capacity: 100M
 Heap Initial Capacity: 100M
 Heap Max Capacity: 1G
 Pre-touch: Disabled
 Parallel Workers: 4

Heap:
 PSYoungGen      total 24064K, used 5551K [0x00000000eab00000, 0x00000000ec600000, 0x0000000100000000)
  eden space 22016K, 16% used [0x00000000eab00000,0x00000000eae94d58,0x00000000ec080000)
  from space 2048K, 92% used [0x00000000ec280000,0x00000000ec4571d0,0x00000000ec480000)
  to   space 1536K, 0% used [0x00000000ec480000,0x00000000ec480000,0x00000000ec600000)
 ParOldGen       total 68608K, used 20145K [0x00000000c0000000, 0x00000000c4300000, 0x00000000eab00000)
  object space 68608K, 29% used [0x00000000c0000000,0x00000000c13ac530,0x00000000c4300000)
 Metaspace       used 40562K, committed 41728K, reserved 1114112K
  class space    used 4205K, committed 4672K, reserved 1048576K

Card table byte_map: [0x0000016732e80000,0x0000016733090000] _byte_map_base: 0x0000016732880000

Marking Bits: (ParMarkBitMap*) 0x00007ff96eea31f0
 Begin Bits: [0x00000167456d0000, 0x00000167466d0000)
 End Bits:   [0x00000167466d0000, 0x00000167476d0000)

Polling page: 0x0000016731120000

Metaspace:

Usage:
  Non-class:     35.51 MB used.
      Class:      4.11 MB used.
       Both:     39.61 MB used.

Virtual space:
  Non-class space:       64.00 MB reserved,      36.19 MB ( 57%) committed,  1 nodes.
      Class space:        1.00 GB reserved,       4.56 MB ( <1%) committed,  1 nodes.
             Both:        1.06 GB reserved,      40.75 MB (  4%) committed. 

Chunk freelists:
   Non-Class:  11.86 MB
       Class:  11.47 MB
        Both:  23.33 MB

MaxMetaspaceSize: unlimited
CompressedClassSpaceSize: 1.00 GB
Initial GC threshold: 21.00 MB
Current GC threshold: 58.88 MB
CDS: on
 - commit_granule_bytes: 65536.
 - commit_granule_words: 8192.
 - virtual_space_node_default_size: 8388608.
 - enlarge_chunks_in_place: 1.
 - use_allocation_guard: 0.


Internal statistics:

num_allocs_failed_limit: 10.
num_arena_births: 752.
num_arena_deaths: 14.
num_vsnodes_births: 2.
num_vsnodes_deaths: 0.
num_space_committed: 652.
num_space_uncommitted: 0.
num_chunks_returned_to_freelist: 24.
num_chunks_taken_from_freelist: 2419.
num_chunk_merges: 16.
num_chunk_splits: 1562.
num_chunks_enlarged: 948.
num_inconsistent_stats: 0.

CodeHeap 'non-profiled nmethods': size=120000Kb used=2370Kb max_used=2554Kb free=117629Kb
 bounds [0x000001673e1a0000, 0x000001673e430000, 0x00000167456d0000]
CodeHeap 'profiled nmethods': size=120000Kb used=10370Kb max_used=11405Kb free=109629Kb
 bounds [0x00000167366d0000, 0x0000016737200000, 0x000001673dc00000]
CodeHeap 'non-nmethods': size=5760Kb used=1356Kb max_used=1385Kb free=4403Kb
 bounds [0x000001673dc00000, 0x000001673de70000, 0x000001673e1a0000]
 total_blobs=5649 nmethods=4998 adapters=557
 compilation: enabled
              stopped_count=0, restarted_count=0
 full_count=0

Compilation events (20 events):
Event: 40.904 Thread 0x000001674782ea00 nmethod 5623 0x0000016736f6c290 code [0x0000016736f6c420, 0x0000016736f6c568]
Event: 40.904 Thread 0x000001674782ea00 5624       3       sun.security.x509.CertificateVersion::compare (7 bytes)
Event: 40.904 Thread 0x000001674782ea00 nmethod 5624 0x00000167367e0f10 code [0x00000167367e10a0, 0x00000167367e11b0]
Event: 40.904 Thread 0x000001674782ea00 5625       3       java.math.BigInteger::compareTo (75 bytes)
Event: 40.904 Thread 0x000001674782ea00 nmethod 5625 0x00000167366e9f90 code [0x00000167366ea160, 0x00000167366ea440]
Event: 40.905 Thread 0x000001674782ea00 5626       3       sun.security.util.DerValue::getBoolean (118 bytes)
Event: 40.906 Thread 0x000001674782ea00 nmethod 5626 0x0000016736a49f90 code [0x0000016736a4a260, 0x0000016736a4add0]
Event: 40.906 Thread 0x000001674782ea00 5627       3       sun.security.jca.Providers::getSystemProviderList (4 bytes)
Event: 40.906 Thread 0x000001674782ea00 nmethod 5627 0x0000016736aa7690 code [0x0000016736aa7820, 0x0000016736aa7918]
Event: 40.906 Thread 0x000001674782ea00 5628   !   3       sun.security.x509.AlgorithmId::getName (140 bytes)
Event: 40.908 Thread 0x000001674782ea00 nmethod 5628 0x0000016736779f10 code [0x000001673677a240, 0x000001673677b000]
Event: 40.908 Thread 0x000001674782ea00 5629       3       sun.security.x509.AlgorithmId::<init> (26 bytes)
Event: 40.909 Thread 0x000001674782ea00 nmethod 5629 0x0000016736b5af90 code [0x0000016736b5b160, 0x0000016736b5b3d8]
Event: 40.910 Thread 0x000001674782ea00 5630       3       java.math.BigInteger::<init> (77 bytes)
Event: 40.917 Thread 0x000001674782ea00 nmethod 5630 0x0000016736b5a890 code [0x0000016736b5aa40, 0x0000016736b5ae40]
Event: 40.918 Thread 0x000001674782ea00 5631       3       sun.util.calendar.CalendarDate::setHours (20 bytes)
Event: 40.918 Thread 0x000001674782ea00 nmethod 5631 0x0000016736794f90 code [0x0000016736795120, 0x0000016736795268]
Event: 40.918 Thread 0x000001674782ea00 5632       3       sun.util.calendar.CalendarDate::setMinutes (20 bytes)
Event: 40.918 Thread 0x000001674782ea00 nmethod 5632 0x0000016736794c10 code [0x0000016736794da0, 0x0000016736794ee8]
Event: 40.918 Thread 0x000001674782ea00 5633       3       sun.util.calendar.CalendarDate::setSeconds (20 bytes)

GC Heap History (20 events):
Event: 34.808 GC heap before
{Heap before GC invocations=9 (full 1):
 PSYoungGen      total 28672K, used 4599K [0x00000000eab00000, 0x00000000ece80000, 0x0000000100000000)
  eden space 24064K, 0% used [0x00000000eab00000,0x00000000eab00000,0x00000000ec280000)
  from space 4608K, 99% used [0x00000000ec900000,0x00000000ecd7dd78,0x00000000ecd80000)
  to   space 6144K, 0% used [0x00000000ec280000,0x00000000ec280000,0x00000000ec880000)
 ParOldGen       total 68608K, used 13500K [0x00000000c0000000, 0x00000000c4300000, 0x00000000eab00000)
  object space 68608K, 19% used [0x00000000c0000000,0x00000000c0d2f380,0x00000000c4300000)
 Metaspace       used 20731K, committed 21504K, reserved 1114112K
  class space    used 2054K, committed 2368K, reserved 1048576K
}
Event: 34.877 GC heap after
{Heap after GC invocations=9 (full 1):
 PSYoungGen      total 28672K, used 0K [0x00000000eab00000, 0x00000000ece80000, 0x0000000100000000)
  eden space 24064K, 0% used [0x00000000eab00000,0x00000000eab00000,0x00000000ec280000)
  from space 4608K, 0% used [0x00000000ec900000,0x00000000ec900000,0x00000000ecd80000)
  to   space 6144K, 0% used [0x00000000ec280000,0x00000000ec280000,0x00000000ec880000)
 ParOldGen       total 68608K, used 13039K [0x00000000c0000000, 0x00000000c4300000, 0x00000000eab00000)
  object space 68608K, 19% used [0x00000000c0000000,0x00000000c0cbbf60,0x00000000c4300000)
 Metaspace       used 20718K, committed 21504K, reserved 1114112K
  class space    used 2050K, committed 2368K, reserved 1048576K
}
Event: 35.448 GC heap before
{Heap before GC invocations=10 (full 1):
 PSYoungGen      total 28672K, used 24064K [0x00000000eab00000, 0x00000000ece80000, 0x0000000100000000)
  eden space 24064K, 100% used [0x00000000eab00000,0x00000000ec280000,0x00000000ec280000)
  from space 4608K, 0% used [0x00000000ec900000,0x00000000ec900000,0x00000000ecd80000)
  to   space 6144K, 0% used [0x00000000ec280000,0x00000000ec280000,0x00000000ec880000)
 ParOldGen       total 68608K, used 13039K [0x00000000c0000000, 0x00000000c4300000, 0x00000000eab00000)
  object space 68608K, 19% used [0x00000000c0000000,0x00000000c0cbbf60,0x00000000c4300000)
 Metaspace       used 23204K, committed 24000K, reserved 1114112K
  class space    used 2206K, committed 2496K, reserved 1048576K
}
Event: 35.450 GC heap after
{Heap after GC invocations=10 (full 1):
 PSYoungGen      total 24064K, used 372K [0x00000000eab00000, 0x00000000ec980000, 0x0000000100000000)
  eden space 23552K, 0% used [0x00000000eab00000,0x00000000eab00000,0x00000000ec200000)
  from space 512K, 72% used [0x00000000ec280000,0x00000000ec2dd0c8,0x00000000ec300000)
  to   space 2560K, 0% used [0x00000000ec700000,0x00000000ec700000,0x00000000ec980000)
 ParOldGen       total 68608K, used 13047K [0x00000000c0000000, 0x00000000c4300000, 0x00000000eab00000)
  object space 68608K, 19% used [0x00000000c0000000,0x00000000c0cbdf60,0x00000000c4300000)
 Metaspace       used 23204K, committed 24000K, reserved 1114112K
  class space    used 2206K, committed 2496K, reserved 1048576K
}
Event: 35.973 GC heap before
{Heap before GC invocations=11 (full 1):
 PSYoungGen      total 24064K, used 23669K [0x00000000eab00000, 0x00000000ec980000, 0x0000000100000000)
  eden space 23552K, 98% used [0x00000000eab00000,0x00000000ec1c04f8,0x00000000ec200000)
  from space 512K, 72% used [0x00000000ec280000,0x00000000ec2dd0c8,0x00000000ec300000)
  to   space 2560K, 0% used [0x00000000ec700000,0x00000000ec700000,0x00000000ec980000)
 ParOldGen       total 68608K, used 13047K [0x00000000c0000000, 0x00000000c4300000, 0x00000000eab00000)
  object space 68608K, 19% used [0x00000000c0000000,0x00000000c0cbdf60,0x00000000c4300000)
 Metaspace       used 26458K, committed 27328K, reserved 1114112K
  class space    used 2534K, committed 2880K, reserved 1048576K
}
Event: 35.975 GC heap after
{Heap after GC invocations=11 (full 1):
 PSYoungGen      total 24064K, used 622K [0x00000000eab00000, 0x00000000ec800000, 0x0000000100000000)
  eden space 23040K, 0% used [0x00000000eab00000,0x00000000eab00000,0x00000000ec180000)
  from space 1024K, 60% used [0x00000000ec700000,0x00000000ec79b890,0x00000000ec800000)
  to   space 1024K, 0% used [0x00000000ec600000,0x00000000ec600000,0x00000000ec700000)
 ParOldGen       total 68608K, used 13055K [0x00000000c0000000, 0x00000000c4300000, 0x00000000eab00000)
  object space 68608K, 19% used [0x00000000c0000000,0x00000000c0cbff60,0x00000000c4300000)
 Metaspace       used 26458K, committed 27328K, reserved 1114112K
  class space    used 2534K, committed 2880K, reserved 1048576K
}
Event: 36.152 GC heap before
{Heap before GC invocations=12 (full 1):
 PSYoungGen      total 24064K, used 23662K [0x00000000eab00000, 0x00000000ec800000, 0x0000000100000000)
  eden space 23040K, 100% used [0x00000000eab00000,0x00000000ec180000,0x00000000ec180000)
  from space 1024K, 60% used [0x00000000ec700000,0x00000000ec79b890,0x00000000ec800000)
  to   space 1024K, 0% used [0x00000000ec600000,0x00000000ec600000,0x00000000ec700000)
 ParOldGen       total 68608K, used 13055K [0x00000000c0000000, 0x00000000c4300000, 0x00000000eab00000)
  object space 68608K, 19% used [0x00000000c0000000,0x00000000c0cbff60,0x00000000c4300000)
 Metaspace       used 27916K, committed 28800K, reserved 1114112K
  class space    used 2697K, committed 3072K, reserved 1048576K
}
Event: 36.155 GC heap after
{Heap after GC invocations=12 (full 1):
 PSYoungGen      total 23552K, used 320K [0x00000000eab00000, 0x00000000ec780000, 0x0000000100000000)
  eden space 22528K, 0% used [0x00000000eab00000,0x00000000eab00000,0x00000000ec100000)
  from space 1024K, 31% used [0x00000000ec600000,0x00000000ec650000,0x00000000ec700000)
  to   space 512K, 0% used [0x00000000ec700000,0x00000000ec700000,0x00000000ec780000)
 ParOldGen       total 68608K, used 15112K [0x00000000c0000000, 0x00000000c4300000, 0x00000000eab00000)
  object space 68608K, 22% used [0x00000000c0000000,0x00000000c0ec2160,0x00000000c4300000)
 Metaspace       used 27916K, committed 28800K, reserved 1114112K
  class space    used 2697K, committed 3072K, reserved 1048576K
}
Event: 36.933 GC heap before
{Heap before GC invocations=13 (full 1):
 PSYoungGen      total 23552K, used 22840K [0x00000000eab00000, 0x00000000ec780000, 0x0000000100000000)
  eden space 22528K, 99% used [0x00000000eab00000,0x00000000ec0fe3f8,0x00000000ec100000)
  from space 1024K, 31% used [0x00000000ec600000,0x00000000ec650000,0x00000000ec700000)
  to   space 512K, 0% used [0x00000000ec700000,0x00000000ec700000,0x00000000ec780000)
 ParOldGen       total 68608K, used 15112K [0x00000000c0000000, 0x00000000c4300000, 0x00000000eab00000)
  object space 68608K, 22% used [0x00000000c0000000,0x00000000c0ec2160,0x00000000c4300000)
 Metaspace       used 29679K, committed 30528K, reserved 1114112K
  class space    used 2915K, committed 3264K, reserved 1048576K
}
Event: 36.936 GC heap after
{Heap after GC invocations=13 (full 1):
 PSYoungGen      total 22528K, used 495K [0x00000000eab00000, 0x00000000ec780000, 0x0000000100000000)
  eden space 22016K, 0% used [0x00000000eab00000,0x00000000eab00000,0x00000000ec080000)
  from space 512K, 96% used [0x00000000ec700000,0x00000000ec77bcd0,0x00000000ec780000)
  to   space 1536K, 0% used [0x00000000ec480000,0x00000000ec480000,0x00000000ec600000)
 ParOldGen       total 68608K, used 15864K [0x00000000c0000000, 0x00000000c4300000, 0x00000000eab00000)
  object space 68608K, 23% used [0x00000000c0000000,0x00000000c0f7e1a0,0x00000000c4300000)
 Metaspace       used 29679K, committed 30528K, reserved 1114112K
  class space    used 2915K, committed 3264K, reserved 1048576K
}
Event: 37.776 GC heap before
{Heap before GC invocations=14 (full 1):
 PSYoungGen      total 22528K, used 22511K [0x00000000eab00000, 0x00000000ec780000, 0x0000000100000000)
  eden space 22016K, 100% used [0x00000000eab00000,0x00000000ec080000,0x00000000ec080000)
  from space 512K, 96% used [0x00000000ec700000,0x00000000ec77bcd0,0x00000000ec780000)
  to   space 1536K, 0% used [0x00000000ec480000,0x00000000ec480000,0x00000000ec600000)
 ParOldGen       total 68608K, used 15866K [0x00000000c0000000, 0x00000000c4300000, 0x00000000eab00000)
  object space 68608K, 23% used [0x00000000c0000000,0x00000000c0f7ebb8,0x00000000c4300000)
 Metaspace       used 32373K, committed 33280K, reserved 1114112K
  class space    used 3208K, committed 3584K, reserved 1048576K
}
Event: 37.779 GC heap after
{Heap after GC invocations=14 (full 1):
 PSYoungGen      total 23552K, used 938K [0x00000000eab00000, 0x00000000ec780000, 0x0000000100000000)
  eden space 22016K, 0% used [0x00000000eab00000,0x00000000eab00000,0x00000000ec080000)
  from space 1536K, 61% used [0x00000000ec480000,0x00000000ec56a8e0,0x00000000ec600000)
  to   space 1536K, 0% used [0x00000000ec600000,0x00000000ec600000,0x00000000ec780000)
 ParOldGen       total 68608K, used 16351K [0x00000000c0000000, 0x00000000c4300000, 0x00000000eab00000)
  object space 68608K, 23% used [0x00000000c0000000,0x00000000c0ff7e40,0x00000000c4300000)
 Metaspace       used 32373K, committed 33280K, reserved 1114112K
  class space    used 3208K, committed 3584K, reserved 1048576K
}
Event: 39.214 GC heap before
{Heap before GC invocations=15 (full 1):
 PSYoungGen      total 23552K, used 19746K [0x00000000eab00000, 0x00000000ec780000, 0x0000000100000000)
  eden space 22016K, 85% used [0x00000000eab00000,0x00000000ebd5e148,0x00000000ec080000)
  from space 1536K, 61% used [0x00000000ec480000,0x00000000ec56a8e0,0x00000000ec600000)
  to   space 1536K, 0% used [0x00000000ec600000,0x00000000ec600000,0x00000000ec780000)
 ParOldGen       total 68608K, used 16351K [0x00000000c0000000, 0x00000000c4300000, 0x00000000eab00000)
  object space 68608K, 23% used [0x00000000c0000000,0x00000000c0ff7e40,0x00000000c4300000)
 Metaspace       used 34884K, committed 35904K, reserved 1114112K
  class space    used 3512K, committed 3904K, reserved 1048576K
}
Event: 39.220 GC heap after
{Heap after GC invocations=15 (full 1):
 PSYoungGen      total 23040K, used 931K [0x00000000eab00000, 0x00000000ec700000, 0x0000000100000000)
  eden space 22016K, 0% used [0x00000000eab00000,0x00000000eab00000,0x00000000ec080000)
  from space 1024K, 90% used [0x00000000ec600000,0x00000000ec6e8f40,0x00000000ec700000)
  to   space 1024K, 0% used [0x00000000ec500000,0x00000000ec500000,0x00000000ec600000)
 ParOldGen       total 68608K, used 17093K [0x00000000c0000000, 0x00000000c4300000, 0x00000000eab00000)
  object space 68608K, 24% used [0x00000000c0000000,0x00000000c10b1750,0x00000000c4300000)
 Metaspace       used 34884K, committed 35904K, reserved 1114112K
  class space    used 3512K, committed 3904K, reserved 1048576K
}
Event: 39.492 GC heap before
{Heap before GC invocations=16 (full 1):
 PSYoungGen      total 23040K, used 3817K [0x00000000eab00000, 0x00000000ec700000, 0x0000000100000000)
  eden space 22016K, 13% used [0x00000000eab00000,0x00000000eadd1640,0x00000000ec080000)
  from space 1024K, 90% used [0x00000000ec600000,0x00000000ec6e8f40,0x00000000ec700000)
  to   space 1024K, 0% used [0x00000000ec500000,0x00000000ec500000,0x00000000ec600000)
 ParOldGen       total 68608K, used 17093K [0x00000000c0000000, 0x00000000c4300000, 0x00000000eab00000)
  object space 68608K, 24% used [0x00000000c0000000,0x00000000c10b1750,0x00000000c4300000)
 Metaspace       used 35177K, committed 36160K, reserved 1114112K
  class space    used 3552K, committed 3904K, reserved 1048576K
}
Event: 39.494 GC heap after
{Heap after GC invocations=16 (full 1):
 PSYoungGen      total 22528K, used 362K [0x00000000eab00000, 0x00000000ec680000, 0x0000000100000000)
  eden space 22016K, 0% used [0x00000000eab00000,0x00000000eab00000,0x00000000ec080000)
  from space 512K, 70% used [0x00000000ec500000,0x00000000ec55aa50,0x00000000ec580000)
  to   space 1024K, 0% used [0x00000000ec580000,0x00000000ec580000,0x00000000ec680000)
 ParOldGen       total 68608K, used 17883K [0x00000000c0000000, 0x00000000c4300000, 0x00000000eab00000)
  object space 68608K, 26% used [0x00000000c0000000,0x00000000c1176fe8,0x00000000c4300000)
 Metaspace       used 35177K, committed 36160K, reserved 1114112K
  class space    used 3552K, committed 3904K, reserved 1048576K
}
Event: 39.494 GC heap before
{Heap before GC invocations=17 (full 2):
 PSYoungGen      total 22528K, used 362K [0x00000000eab00000, 0x00000000ec680000, 0x0000000100000000)
  eden space 22016K, 0% used [0x00000000eab00000,0x00000000eab00000,0x00000000ec080000)
  from space 512K, 70% used [0x00000000ec500000,0x00000000ec55aa50,0x00000000ec580000)
  to   space 1024K, 0% used [0x00000000ec580000,0x00000000ec580000,0x00000000ec680000)
 ParOldGen       total 68608K, used 17883K [0x00000000c0000000, 0x00000000c4300000, 0x00000000eab00000)
  object space 68608K, 26% used [0x00000000c0000000,0x00000000c1176fe8,0x00000000c4300000)
 Metaspace       used 35177K, committed 36160K, reserved 1114112K
  class space    used 3552K, committed 3904K, reserved 1048576K
}
Event: 39.548 GC heap after
{Heap after GC invocations=17 (full 2):
 PSYoungGen      total 22528K, used 0K [0x00000000eab00000, 0x00000000ec680000, 0x0000000100000000)
  eden space 22016K, 0% used [0x00000000eab00000,0x00000000eab00000,0x00000000ec080000)
  from space 512K, 0% used [0x00000000ec500000,0x00000000ec500000,0x00000000ec580000)
  to   space 1024K, 0% used [0x00000000ec580000,0x00000000ec580000,0x00000000ec680000)
 ParOldGen       total 68608K, used 17369K [0x00000000c0000000, 0x00000000c4300000, 0x00000000eab00000)
  object space 68608K, 25% used [0x00000000c0000000,0x00000000c10f6438,0x00000000c4300000)
 Metaspace       used 35177K, committed 36160K, reserved 1114112K
  class space    used 3552K, committed 3904K, reserved 1048576K
}
Event: 40.506 GC heap before
{Heap before GC invocations=18 (full 2):
 PSYoungGen      total 22528K, used 22015K [0x00000000eab00000, 0x00000000ec680000, 0x0000000100000000)
  eden space 22016K, 99% used [0x00000000eab00000,0x00000000ec07ffc8,0x00000000ec080000)
  from space 512K, 0% used [0x00000000ec500000,0x00000000ec500000,0x00000000ec580000)
  to   space 1024K, 0% used [0x00000000ec580000,0x00000000ec580000,0x00000000ec680000)
 ParOldGen       total 68608K, used 17369K [0x00000000c0000000, 0x00000000c4300000, 0x00000000eab00000)
  object space 68608K, 25% used [0x00000000c0000000,0x00000000c10f6438,0x00000000c4300000)
 Metaspace       used 37965K, committed 39040K, reserved 1114112K
  class space    used 3895K, committed 4288K, reserved 1048576K
}
Event: 40.509 GC heap after
{Heap after GC invocations=18 (full 2):
 PSYoungGen      total 23040K, used 1009K [0x00000000eab00000, 0x00000000ec680000, 0x0000000100000000)
  eden space 22016K, 0% used [0x00000000eab00000,0x00000000eab00000,0x00000000ec080000)
  from space 1024K, 98% used [0x00000000ec580000,0x00000000ec67c458,0x00000000ec680000)
  to   space 2048K, 0% used [0x00000000ec280000,0x00000000ec280000,0x00000000ec480000)
 ParOldGen       total 68608K, used 17771K [0x00000000c0000000, 0x00000000c4300000, 0x00000000eab00000)
  object space 68608K, 25% used [0x00000000c0000000,0x00000000c115afb0,0x00000000c4300000)
 Metaspace       used 37965K, committed 39040K, reserved 1114112K
  class space    used 3895K, committed 4288K, reserved 1048576K
}

Dll operation events (12 events):
Event: 0.018 Loaded shared library c:\Users\alanp.DESKTOP-94EMTC4.000\.vscode\extensions\redhat.java-1.42.0-win32-x64\jre\21.0.7-win32-x86_64\bin\java.dll
Event: 0.228 Loaded shared library c:\Users\alanp.DESKTOP-94EMTC4.000\.vscode\extensions\redhat.java-1.42.0-win32-x64\jre\21.0.7-win32-x86_64\bin\zip.dll
Event: 0.275 Loaded shared library C:\Users\alanp.DESKTOP-94EMTC4.000\.vscode\extensions\redhat.java-1.42.0-win32-x64\jre\21.0.7-win32-x86_64\bin\instrument.dll
Event: 0.281 Loaded shared library C:\Users\alanp.DESKTOP-94EMTC4.000\.vscode\extensions\redhat.java-1.42.0-win32-x64\jre\21.0.7-win32-x86_64\bin\net.dll
Event: 0.284 Loaded shared library C:\Users\alanp.DESKTOP-94EMTC4.000\.vscode\extensions\redhat.java-1.42.0-win32-x64\jre\21.0.7-win32-x86_64\bin\nio.dll
Event: 0.292 Loaded shared library C:\Users\alanp.DESKTOP-94EMTC4.000\.vscode\extensions\redhat.java-1.42.0-win32-x64\jre\21.0.7-win32-x86_64\bin\zip.dll
Event: 0.320 Loaded shared library C:\Users\alanp.DESKTOP-94EMTC4.000\.vscode\extensions\redhat.java-1.42.0-win32-x64\jre\21.0.7-win32-x86_64\bin\jimage.dll
Event: 0.534 Loaded shared library c:\Users\alanp.DESKTOP-94EMTC4.000\.vscode\extensions\redhat.java-1.42.0-win32-x64\jre\21.0.7-win32-x86_64\bin\verify.dll
Event: 14.364 Loaded shared library C:\Users\alanp.DESKTOP-94EMTC4.000\AppData\Roaming\Code\User\globalStorage\redhat.java\1.42.0\config_win\org.eclipse.equinox.launcher\org.eclipse.equinox.launcher.win32.win32.x86_64_1.2.1300.v20250331-1702\eclipse_11911.dll
Event: 32.061 Loaded shared library C:\Users\alanp.DESKTOP-94EMTC4.000\.vscode\extensions\redhat.java-1.42.0-win32-x64\jre\21.0.7-win32-x86_64\bin\management.dll
Event: 32.066 Loaded shared library C:\Users\alanp.DESKTOP-94EMTC4.000\.vscode\extensions\redhat.java-1.42.0-win32-x64\jre\21.0.7-win32-x86_64\bin\management_ext.dll
Event: 38.653 Loaded shared library C:\Users\alanp.DESKTOP-94EMTC4.000\AppData\Local\Temp\jna-92895704\jna10173323347591795116.dll

Deoptimization events (20 events):
Event: 40.832 Thread 0x000001678e2baf70 DEOPT PACKING pc=0x00000167367d170b sp=0x000000453e4fd080
Event: 40.832 Thread 0x000001678e2baf70 DEOPT UNPACKING pc=0x000001673dc54242 sp=0x000000453e4fc4f8 mode 0
Event: 40.834 Thread 0x000001678e2baf70 DEOPT PACKING pc=0x00000167367d170b sp=0x000000453e4fd080
Event: 40.834 Thread 0x000001678e2baf70 DEOPT UNPACKING pc=0x000001673dc54242 sp=0x000000453e4fc4f8 mode 0
Event: 40.837 Thread 0x000001678e2baf70 DEOPT PACKING pc=0x00000167367d170b sp=0x000000453e4fd0a0
Event: 40.837 Thread 0x000001678e2baf70 DEOPT UNPACKING pc=0x000001673dc54242 sp=0x000000453e4fc518 mode 0
Event: 40.840 Thread 0x000001678e2baf70 DEOPT PACKING pc=0x00000167367d170b sp=0x000000453e4fd080
Event: 40.840 Thread 0x000001678e2baf70 DEOPT UNPACKING pc=0x000001673dc54242 sp=0x000000453e4fc4f8 mode 0
Event: 40.890 Thread 0x000001678e2baf70 DEOPT PACKING pc=0x00000167367d170b sp=0x000000453e4fd0a0
Event: 40.891 Thread 0x000001678e2baf70 DEOPT UNPACKING pc=0x000001673dc54242 sp=0x000000453e4fc518 mode 0
Event: 40.895 Thread 0x000001678e2baf70 DEOPT PACKING pc=0x00000167367d170b sp=0x000000453e4fd080
Event: 40.895 Thread 0x000001678e2baf70 DEOPT UNPACKING pc=0x000001673dc54242 sp=0x000000453e4fc4f8 mode 0
Event: 40.896 Thread 0x000001678e2baf70 DEOPT PACKING pc=0x00000167367d170b sp=0x000000453e4fd080
Event: 40.896 Thread 0x000001678e2baf70 DEOPT UNPACKING pc=0x000001673dc54242 sp=0x000000453e4fc4f8 mode 0
Event: 40.902 Thread 0x000001678e2baf70 DEOPT PACKING pc=0x00000167367d170b sp=0x000000453e4fd080
Event: 40.902 Thread 0x000001678e2baf70 DEOPT UNPACKING pc=0x000001673dc54242 sp=0x000000453e4fc4f8 mode 0
Event: 40.909 Thread 0x000001678e2baf70 DEOPT PACKING pc=0x00000167367d170b sp=0x000000453e4fd0a0
Event: 40.909 Thread 0x000001678e2baf70 DEOPT UNPACKING pc=0x000001673dc54242 sp=0x000000453e4fc518 mode 0
Event: 40.917 Thread 0x000001678e2baf70 DEOPT PACKING pc=0x00000167367d170b sp=0x000000453e4fce50
Event: 40.917 Thread 0x000001678e2baf70 DEOPT UNPACKING pc=0x000001673dc54242 sp=0x000000453e4fc2c8 mode 0

Classes loaded (20 events):
Event: 40.806 Loading class java/security/interfaces/ECPublicKey
Event: 40.806 Loading class java/security/interfaces/ECPublicKey done
Event: 40.808 Loading class sun/security/x509/SubjectAlternativeNameExtension
Event: 40.808 Loading class sun/security/x509/SubjectAlternativeNameExtension done
Event: 40.809 Loading class sun/security/x509/RFC822Name
Event: 40.809 Loading class sun/security/x509/RFC822Name done
Event: 40.818 Loading class sun/security/x509/NetscapeCertTypeExtension
Event: 40.818 Loading class sun/security/x509/NetscapeCertTypeExtension done
Event: 40.818 Loading class sun/security/x509/NetscapeCertTypeExtension$MapEntry
Event: 40.819 Loading class sun/security/x509/NetscapeCertTypeExtension$MapEntry done
Event: 40.834 Loading class java/math/BigDecimal
Event: 40.835 Loading class java/math/BigDecimal done
Event: 40.838 Loading class sun/security/x509/PrivateKeyUsageExtension
Event: 40.839 Loading class sun/security/x509/PrivateKeyUsageExtension done
Event: 40.907 Loading class java/util/concurrent/atomic/AtomicIntegerArray
Event: 40.907 Loading class java/util/concurrent/atomic/AtomicIntegerArray done
Event: 40.908 Loading class java/lang/ExceptionInInitializerError
Event: 40.908 Loading class java/lang/ExceptionInInitializerError done
Event: 40.909 Loading class java/util/Currency
Event: 40.909 Loading class java/util/Currency done

Classes unloaded (7 events):
Event: 34.820 Thread 0x000001673358e6d0 Unloading class 0x00000167491ad400 'java/lang/invoke/LambdaForm$MH+0x00000167491ad400'
Event: 34.820 Thread 0x000001673358e6d0 Unloading class 0x00000167491ad000 'java/lang/invoke/LambdaForm$MH+0x00000167491ad000'
Event: 34.820 Thread 0x000001673358e6d0 Unloading class 0x00000167491acc00 'java/lang/invoke/LambdaForm$MH+0x00000167491acc00'
Event: 34.820 Thread 0x000001673358e6d0 Unloading class 0x00000167491ac800 'java/lang/invoke/LambdaForm$MH+0x00000167491ac800'
Event: 34.820 Thread 0x000001673358e6d0 Unloading class 0x00000167491ac400 'java/lang/invoke/LambdaForm$BMH+0x00000167491ac400'
Event: 34.820 Thread 0x000001673358e6d0 Unloading class 0x00000167491ac000 'java/lang/invoke/LambdaForm$DMH+0x00000167491ac000'
Event: 34.820 Thread 0x000001673358e6d0 Unloading class 0x00000167491aac00 'java/lang/invoke/LambdaForm$DMH+0x00000167491aac00'

Classes redefined (0 events):
No events

Internal exceptions (20 events):
Event: 37.098 Thread 0x000001678e3d1140 Exception <a 'sun/nio/fs/WindowsException'{0x00000000eb2f48f8}> (0x00000000eb2f48f8) 
thrown [s\src\hotspot\share\prims\jni.cpp, line 520]
Event: 37.099 Thread 0x000001678e3d1140 Exception <a 'sun/nio/fs/WindowsException'{0x00000000eb2f5138}> (0x00000000eb2f5138) 
thrown [s\src\hotspot\share\prims\jni.cpp, line 520]
Event: 37.102 Thread 0x000001678e3d1140 Exception <a 'sun/nio/fs/WindowsException'{0x00000000eb2ff2a8}> (0x00000000eb2ff2a8) 
thrown [s\src\hotspot\share\prims\jni.cpp, line 520]
Event: 37.284 Thread 0x000001678e3d1140 Exception <a 'java/lang/ClassNotFoundException'{0x00000000eb940f18}: com/sun/org/apache/xml/internal/serializer/spi/XMLEntitiesProvider> (0x00000000eb940f18) 
thrown [s\src\hotspot\share\classfile\systemDictionary.cpp, line 312]
Event: 37.949 Thread 0x000001678e3d1140 Exception <a 'java/io/FileNotFoundException'{0x00000000eaf3d948}> (0x00000000eaf3d948) 
thrown [s\src\hotspot\share\prims\jni.cpp, line 520]
Event: 38.879 Thread 0x000001678e3d1140 Exception <a 'java/lang/UnsatisfiedLinkError'{0x00000000eba10120}: The specified procedure could not be found.
> (0x00000000eba10120) 
thrown [s\src\hotspot\share\prims\jni.cpp, line 539]
Event: 38.887 Thread 0x000001678e3d1140 Exception <a 'java/io/FileNotFoundException'{0x00000000eba37b80}> (0x00000000eba37b80) 
thrown [s\src\hotspot\share\prims\jni.cpp, line 520]
Event: 39.064 Thread 0x000001678e3d1140 Exception <a 'java/io/FileNotFoundException'{0x00000000ebc96db8}> (0x00000000ebc96db8) 
thrown [s\src\hotspot\share\prims\jni.cpp, line 520]
Event: 39.098 Thread 0x000001678e3d1140 Exception <a 'java/lang/NoSuchMethodError'{0x00000000ebd251b0}: 'void java.lang.invoke.DirectMethodHandle$Holder.invokeSpecial(java.lang.Object, java.lang.Object, java.lang.Object, int)'> (0x00000000ebd251b0) 
thrown [s\src\hotspot\share\interpreter\linkResolver.cpp, line 773]
Event: 39.098 Thread 0x000001678e3d1140 Exception <a 'java/lang/NoSuchMethodError'{0x00000000ebd28ae8}: 'void java.lang.invoke.DelegatingMethodHandle$Holder.reinvoke_L(java.lang.Object, java.lang.Object, int)'> (0x00000000ebd28ae8) 
thrown [s\src\hotspot\share\interpreter\linkResolver.cpp, line 773]
Event: 39.099 Thread 0x000001678e3d1140 Exception <a 'java/lang/NoSuchMethodError'{0x00000000ebd2f520}: 'int java.lang.invoke.Invokers$Holder.invokeExact_MT(java.lang.Object, java.lang.Object, java.lang.Object)'> (0x00000000ebd2f520) 
thrown [s\src\hotspot\share\interpreter\linkResolver.cpp, line 773]
Event: 39.227 Thread 0x000001678e3d1140 Exception <a 'java/lang/UnsatisfiedLinkError'{0x00000000eab49890}: The specified procedure could not be found.
> (0x00000000eab49890) 
thrown [s\src\hotspot\share\prims\jni.cpp, line 539]
Event: 39.434 Thread 0x000001678e3d1140 Exception <a 'java/lang/NoSuchMethodError'{0x00000000eab563c8}: 'void java.lang.invoke.Invokers$Holder.invokeExact_MT(java.lang.Object, java.lang.Object, int, java.lang.Object)'> (0x00000000eab563c8) 
thrown [s\src\hotspot\share\interpreter\linkResolver.cpp, line 773]
Event: 39.816 Thread 0x00000167334d21c0 Exception <a 'java/io/FileNotFoundException'{0x00000000eb27b880}> (0x00000000eb27b880) 
thrown [s\src\hotspot\share\prims\jni.cpp, line 520]
Event: 39.957 Thread 0x000001678e2baf70 Exception <a 'sun/nio/fs/WindowsException'{0x00000000eb762b88}> (0x00000000eb762b88) 
thrown [s\src\hotspot\share\prims\jni.cpp, line 520]
Event: 39.969 Thread 0x00000167334d21c0 Exception <a 'java/lang/NoSuchMethodError'{0x00000000eb7dff68}: 'java.lang.Object java.lang.invoke.DirectMethodHandle$Holder.invokeStatic(java.lang.Object, long, java.lang.Object)'> (0x00000000eb7dff68) 
thrown [s\src\hotspot\share\interpreter\linkResolver.cpp, line 773]
Event: 39.970 Thread 0x00000167334d21c0 Exception <a 'java/lang/NoSuchMethodError'{0x00000000eb7e3f28}: 'java.lang.Object java.lang.invoke.DirectMethodHandle$Holder.invokeStaticInit(java.lang.Object, long, java.lang.Object)'> (0x00000000eb7e3f28) 
thrown [s\src\hotspot\share\interpreter\linkResolver.cpp, line 773]
Event: 39.971 Thread 0x00000167334d21c0 Exception <a 'java/lang/NoSuchMethodError'{0x00000000eb7f9cc8}: 'java.lang.Object java.lang.invoke.DirectMethodHandle$Holder.newInvokeSpecial(java.lang.Object, long)'> (0x00000000eb7f9cc8) 
thrown [s\src\hotspot\share\interpreter\linkResolver.cpp, line 773]
Event: 40.904 Thread 0x000001678e2b9530 Exception <a 'java/lang/NoSuchMethodError'{0x00000000ebf4dcc8}: 'void java.lang.invoke.DirectMethodHandle$Holder.invokeStaticInit(java.lang.Object, java.lang.Object, java.lang.Object)'> (0x00000000ebf4dcc8) 
thrown [s\src\hotspot\share\interpreter\linkResolver.cpp, line 773]
Event: 40.909 Thread 0x000001678e2b9530 Exception <a 'java/lang/ExceptionInInitializerError'{0x00000000ec001cb8}> (0x00000000ec001cb8) 
thrown [s\src\hotspot\share\oops\instanceKlass.cpp, line 1220]

ZGC Phase Switch (0 events):
No events

VM Operations (20 events):
Event: 38.837 Executing VM operation: HandshakeAllThreads (Deoptimize)
Event: 38.837 Executing VM operation: HandshakeAllThreads (Deoptimize) done
Event: 39.097 Executing VM operation: CollectForMetadataAllocation (Metadata GC Threshold)
Event: 39.097 Executing VM operation: CollectForMetadataAllocation (Metadata GC Threshold) done
Event: 39.214 Executing VM operation: ParallelGCSystemGC (GCLocker Initiated GC)
Event: 39.220 Executing VM operation: ParallelGCSystemGC (GCLocker Initiated GC) done
Event: 39.492 Executing VM operation: CollectForMetadataAllocation (Metadata GC Threshold)
Event: 39.548 Executing VM operation: CollectForMetadataAllocation (Metadata GC Threshold) done
Event: 39.647 Executing VM operation: HandshakeAllThreads (Deoptimize)
Event: 39.792 Executing VM operation: HandshakeAllThreads (Deoptimize) done
Event: 39.963 Executing VM operation: HandshakeAllThreads (Deoptimize)
Event: 39.978 Executing VM operation: HandshakeAllThreads (Deoptimize) done
Event: 40.107 Executing VM operation: HandshakeAllThreads (Deoptimize)
Event: 40.118 Executing VM operation: HandshakeAllThreads (Deoptimize) done
Event: 40.477 Executing VM operation: ParallelGCFailedAllocation (Allocation Failure)
Event: 40.509 Executing VM operation: ParallelGCFailedAllocation (Allocation Failure) done
Event: 40.573 Executing VM operation: HandshakeAllThreads (Deoptimize)
Event: 40.573 Executing VM operation: HandshakeAllThreads (Deoptimize) done
Event: 40.776 Executing VM operation: HandshakeAllThreads (Deoptimize)
Event: 40.803 Executing VM operation: HandshakeAllThreads (Deoptimize) done

Memory protections (0 events):
No events

Nmethod flushes (20 events):
Event: 39.521 Thread 0x000001673358e6d0 flushing  nmethod 0x0000016736eef090
Event: 39.521 Thread 0x000001673358e6d0 flushing osr nmethod 0x0000016736f19e90
Event: 39.521 Thread 0x000001673358e6d0 flushing  nmethod 0x0000016736f1fd90
Event: 39.521 Thread 0x000001673358e6d0 flushing  nmethod 0x0000016736f5a310
Event: 39.521 Thread 0x000001673358e6d0 flushing  nmethod 0x0000016736f64790
Event: 39.521 Thread 0x000001673358e6d0 flushing  nmethod 0x0000016736f69710
Event: 39.521 Thread 0x000001673358e6d0 flushing  nmethod 0x0000016736f6aa90
Event: 39.521 Thread 0x000001673358e6d0 flushing  nmethod 0x0000016736f6c290
Event: 39.521 Thread 0x000001673358e6d0 flushing  nmethod 0x0000016736f6c890
Event: 39.521 Thread 0x000001673358e6d0 flushing  nmethod 0x0000016736f6cd10
Event: 39.521 Thread 0x000001673358e6d0 flushing  nmethod 0x0000016736f6f590
Event: 39.521 Thread 0x000001673358e6d0 flushing  nmethod 0x0000016736f6fc90
Event: 39.521 Thread 0x000001673358e6d0 flushing  nmethod 0x0000016736f79290
Event: 39.521 Thread 0x000001673358e6d0 flushing  nmethod 0x0000016736f7b790
Event: 39.521 Thread 0x000001673358e6d0 flushing  nmethod 0x0000016736f7cb10
Event: 39.521 Thread 0x000001673358e6d0 flushing  nmethod 0x0000016736f7d190
Event: 39.521 Thread 0x000001673358e6d0 flushing  nmethod 0x0000016736f84e90
Event: 39.521 Thread 0x000001673358e6d0 flushing  nmethod 0x0000016736f89910
Event: 39.521 Thread 0x000001673358e6d0 flushing  nmethod 0x0000016736f96b10
Event: 39.521 Thread 0x000001673358e6d0 flushing  nmethod 0x0000016736fa2010

Events (20 events):
Event: 24.548 Thread 0x000001678e71b5a0 Thread exited: 0x000001678e71b5a0
Event: 24.549 Thread 0x000001678e71bc00 Thread exited: 0x000001678e71bc00
Event: 29.936 Thread 0x000001678e3d1140 Thread added: 0x000001678e2b8810
Event: 30.103 Thread 0x000001678e3d1140 Thread added: 0x000001678e2b8ea0
Event: 31.587 Thread 0x000001678e3d1140 Thread added: 0x000001678e2ba8e0
Event: 32.332 Thread 0x000001678e3d1140 Thread added: 0x000001678e2bb600
Event: 32.364 Thread 0x000001678e3d1140 Thread added: 0x000001678e2b9530
Event: 35.615 Thread 0x000001678e2bb600 Thread added: 0x000001678e2b8180
Event: 35.932 Thread 0x000001678e2b8180 Thread added: 0x000001678e2baf70
Event: 36.253 Thread 0x000001678e3d1140 Thread added: 0x000001678e2b9bc0
Event: 38.861 Thread 0x000001678e3d1140 Thread added: 0x000001678fa1ba80
Event: 39.615 Thread 0x000001678e2baf70 Thread added: 0x000001678fa1ad60
Event: 39.718 Thread 0x000001678e2b8ea0 Thread exited: 0x000001678e2b8ea0
Event: 39.833 Thread 0x000001678fa1ad60 Thread added: 0x000001678fa1b3f0
Event: 40.125 Thread 0x00000167334d21c0 Thread added: 0x000001678fa18c90
Event: 40.126 Thread 0x00000167334d21c0 Thread added: 0x000001678fa18600
Event: 40.126 Thread 0x00000167334d21c0 Thread added: 0x000001678fa1a6d0
Event: 40.126 Thread 0x00000167334d21c0 Thread added: 0x000001678fa1a040
Event: 40.126 Thread 0x00000167334d21c0 Thread added: 0x000001678fa199b0
Event: 40.155 Thread 0x00000167334d21c0 Thread added: 0x000001678fa19320


Dynamic libraries:
0x00007ff61d9a0000 - 0x00007ff61d9ae000 	c:\Users\alanp.DESKTOP-94EMTC4.000\.vscode\extensions\redhat.java-1.42.0-win32-x64\jre\21.0.7-win32-x86_64\bin\java.exe
0x00007ff9a0730000 - 0x00007ff9a0928000 	C:\WINDOWS\SYSTEM32\ntdll.dll
0x00007ff99fe00000 - 0x00007ff99fec2000 	C:\WINDOWS\System32\KERNEL32.DLL
0x00007ff99e230000 - 0x00007ff99e526000 	C:\WINDOWS\System32\KERNELBASE.dll
0x00007ff99e130000 - 0x00007ff99e230000 	C:\WINDOWS\System32\ucrtbase.dll
0x00007ff9980f0000 - 0x00007ff998108000 	c:\Users\alanp.DESKTOP-94EMTC4.000\.vscode\extensions\redhat.java-1.42.0-win32-x64\jre\21.0.7-win32-x86_64\bin\jli.dll
0x00007ff9a0550000 - 0x00007ff9a06ed000 	C:\WINDOWS\System32\USER32.dll
0x00007ff99dfe0000 - 0x00007ff99e002000 	C:\WINDOWS\System32\win32u.dll
0x00007ff99f200000 - 0x00007ff99f22b000 	C:\WINDOWS\System32\GDI32.dll
0x00007ff99e560000 - 0x00007ff99e67a000 	C:\WINDOWS\System32\gdi32full.dll
0x00007ff99e090000 - 0x00007ff99e12d000 	C:\WINDOWS\System32\msvcp_win.dll
0x00007ff997da0000 - 0x00007ff997dbe000 	c:\Users\alanp.DESKTOP-94EMTC4.000\.vscode\extensions\redhat.java-1.42.0-win32-x64\jre\21.0.7-win32-x86_64\bin\VCRUNTIME140.dll
0x00007ff987270000 - 0x00007ff98750a000 	C:\WINDOWS\WinSxS\amd64_microsoft.windows.common-controls_6595b64144ccf1df_6.0.19041.5794_none_60bcd33171f2783c\COMCTL32.dll
0x00007ff99e760000 - 0x00007ff99e7fe000 	C:\WINDOWS\System32\msvcrt.dll
0x00007ff9a03f0000 - 0x00007ff9a041f000 	C:\WINDOWS\System32\IMM32.DLL
0x00007ff997e60000 - 0x00007ff997e6c000 	c:\Users\alanp.DESKTOP-94EMTC4.000\.vscode\extensions\redhat.java-1.42.0-win32-x64\jre\21.0.7-win32-x86_64\bin\vcruntime140_1.dll
0x00007ff96ef80000 - 0x00007ff96f00d000 	c:\Users\alanp.DESKTOP-94EMTC4.000\.vscode\extensions\redhat.java-1.42.0-win32-x64\jre\21.0.7-win32-x86_64\bin\msvcp140.dll
0x00007ff96e1f0000 - 0x00007ff96ef80000 	c:\Users\alanp.DESKTOP-94EMTC4.000\.vscode\extensions\redhat.java-1.42.0-win32-x64\jre\21.0.7-win32-x86_64\bin\server\jvm.dll
0x00007ff99fd40000 - 0x00007ff99fdef000 	C:\WINDOWS\System32\ADVAPI32.dll
0x00007ff99fb40000 - 0x00007ff99fbdf000 	C:\WINDOWS\System32\sechost.dll
0x00007ff99f0d0000 - 0x00007ff99f1f3000 	C:\WINDOWS\System32\RPCRT4.dll
0x00007ff99e530000 - 0x00007ff99e557000 	C:\WINDOWS\System32\bcrypt.dll
0x00007ff99fcd0000 - 0x00007ff99fd3b000 	C:\WINDOWS\System32\WS2_32.dll
0x00007ff99d2d0000 - 0x00007ff99d31b000 	C:\WINDOWS\SYSTEM32\POWRPROF.dll
0x00007ff98c090000 - 0x00007ff98c0b7000 	C:\WINDOWS\SYSTEM32\WINMM.dll
0x00007ff9963e0000 - 0x00007ff9963ea000 	C:\WINDOWS\SYSTEM32\VERSION.dll
0x00007ff99d190000 - 0x00007ff99d1a2000 	C:\WINDOWS\SYSTEM32\UMPDC.dll
0x00007ff99bc30000 - 0x00007ff99bc42000 	C:\WINDOWS\SYSTEM32\kernel.appcore.dll
0x00007ff995390000 - 0x00007ff99539a000 	c:\Users\alanp.DESKTOP-94EMTC4.000\.vscode\extensions\redhat.java-1.42.0-win32-x64\jre\21.0.7-win32-x86_64\bin\jimage.dll
0x00007ff98aa10000 - 0x00007ff98ac11000 	C:\WINDOWS\SYSTEM32\DBGHELP.DLL
0x00007ff9801d0000 - 0x00007ff980204000 	C:\WINDOWS\SYSTEM32\dbgcore.DLL
0x00007ff99e680000 - 0x00007ff99e702000 	C:\WINDOWS\System32\bcryptPrimitives.dll
0x00007ff995380000 - 0x00007ff99538f000 	c:\Users\alanp.DESKTOP-94EMTC4.000\.vscode\extensions\redhat.java-1.42.0-win32-x64\jre\21.0.7-win32-x86_64\bin\instrument.dll
0x00007ff994370000 - 0x00007ff99438f000 	c:\Users\alanp.DESKTOP-94EMTC4.000\.vscode\extensions\redhat.java-1.42.0-win32-x64\jre\21.0.7-win32-x86_64\bin\java.dll
0x00007ff99f3c0000 - 0x00007ff99fb2e000 	C:\WINDOWS\System32\SHELL32.dll
0x00007ff99be30000 - 0x00007ff99c5d3000 	C:\WINDOWS\SYSTEM32\windows.storage.dll
0x00007ff9a0090000 - 0x00007ff9a03e3000 	C:\WINDOWS\System32\combase.dll
0x00007ff99d720000 - 0x00007ff99d74b000 	C:\WINDOWS\SYSTEM32\Wldp.dll
0x00007ff99eee0000 - 0x00007ff99efad000 	C:\WINDOWS\System32\OLEAUT32.dll
0x00007ff99f230000 - 0x00007ff99f2dd000 	C:\WINDOWS\System32\SHCORE.dll
0x00007ff99f2e0000 - 0x00007ff99f335000 	C:\WINDOWS\System32\shlwapi.dll
0x00007ff99dd00000 - 0x00007ff99dd25000 	C:\WINDOWS\SYSTEM32\profapi.dll
0x00007ff9942a0000 - 0x00007ff9942b8000 	c:\Users\alanp.DESKTOP-94EMTC4.000\.vscode\extensions\redhat.java-1.42.0-win32-x64\jre\21.0.7-win32-x86_64\bin\zip.dll
0x00007ff9952c0000 - 0x00007ff9952d0000 	C:\Users\alanp.DESKTOP-94EMTC4.000\.vscode\extensions\redhat.java-1.42.0-win32-x64\jre\21.0.7-win32-x86_64\bin\net.dll
0x00007ff995c90000 - 0x00007ff995d9a000 	C:\WINDOWS\SYSTEM32\WINHTTP.dll
0x00007ff99d500000 - 0x00007ff99d56c000 	C:\WINDOWS\system32\mswsock.dll
0x00007ff9941d0000 - 0x00007ff9941e6000 	C:\Users\alanp.DESKTOP-94EMTC4.000\.vscode\extensions\redhat.java-1.42.0-win32-x64\jre\21.0.7-win32-x86_64\bin\nio.dll
0x00007ff9982b0000 - 0x00007ff9982c0000 	c:\Users\alanp.DESKTOP-94EMTC4.000\.vscode\extensions\redhat.java-1.42.0-win32-x64\jre\21.0.7-win32-x86_64\bin\verify.dll
0x00007ff96bde0000 - 0x00007ff96be25000 	C:\Users\alanp.DESKTOP-94EMTC4.000\AppData\Roaming\Code\User\globalStorage\redhat.java\1.42.0\config_win\org.eclipse.equinox.launcher\org.eclipse.equinox.launcher.win32.win32.x86_64_1.2.1300.v20250331-1702\eclipse_11911.dll
0x00007ff9a0420000 - 0x00007ff9a054b000 	C:\WINDOWS\System32\ole32.dll
0x00007ff994910000 - 0x00007ff99491a000 	C:\Users\alanp.DESKTOP-94EMTC4.000\.vscode\extensions\redhat.java-1.42.0-win32-x64\jre\21.0.7-win32-x86_64\bin\management.dll
0x00007ff98bf90000 - 0x00007ff98bf9b000 	C:\Users\alanp.DESKTOP-94EMTC4.000\.vscode\extensions\redhat.java-1.42.0-win32-x64\jre\21.0.7-win32-x86_64\bin\management_ext.dll
0x00007ff99fdf0000 - 0x00007ff99fdf8000 	C:\WINDOWS\System32\PSAPI.DLL
0x00007ff99da70000 - 0x00007ff99da88000 	C:\WINDOWS\SYSTEM32\CRYPTSP.dll
0x00007ff99cdd0000 - 0x00007ff99ce08000 	C:\WINDOWS\system32\rsaenh.dll
0x00007ff99dcc0000 - 0x00007ff99dcee000 	C:\WINDOWS\SYSTEM32\USERENV.dll
0x00007ff99d690000 - 0x00007ff99d69c000 	C:\WINDOWS\SYSTEM32\CRYPTBASE.dll
0x00007ff99d1b0000 - 0x00007ff99d1eb000 	C:\WINDOWS\SYSTEM32\IPHLPAPI.DLL
0x00007ff99eed0000 - 0x00007ff99eed8000 	C:\WINDOWS\System32\NSI.dll
0x00007ff9784c0000 - 0x00007ff978509000 	C:\Users\alanp.DESKTOP-94EMTC4.000\AppData\Local\Temp\jna-92895704\jna10173323347591795116.dll
0x00007ff997940000 - 0x00007ff997957000 	C:\WINDOWS\SYSTEM32\dhcpcsvc6.DLL
0x00007ff997880000 - 0x00007ff99789d000 	C:\WINDOWS\SYSTEM32\dhcpcsvc.DLL

dbghelp: loaded successfully - version: 4.0.5 - missing functions: none
symbol engine: initialized successfully - sym options: 0x614 - pdb path: .;c:\Users\alanp.DESKTOP-94EMTC4.000\.vscode\extensions\redhat.java-1.42.0-win32-x64\jre\21.0.7-win32-x86_64\bin;C:\WINDOWS\SYSTEM32;C:\WINDOWS\WinSxS\amd64_microsoft.windows.common-controls_6595b64144ccf1df_6.0.19041.5794_none_60bcd33171f2783c;c:\Users\alanp.DESKTOP-94EMTC4.000\.vscode\extensions\redhat.java-1.42.0-win32-x64\jre\21.0.7-win32-x86_64\bin\server;C:\Users\alanp.DESKTOP-94EMTC4.000\AppData\Roaming\Code\User\globalStorage\redhat.java\1.42.0\config_win\org.eclipse.equinox.launcher\org.eclipse.equinox.launcher.win32.win32.x86_64_1.2.1300.v20250331-1702;C:\Users\alanp.DESKTOP-94EMTC4.000\AppData\Local\Temp\jna-92895704

VM Arguments:
jvm_args: --add-modules=ALL-SYSTEM --add-opens=java.base/java.util=ALL-UNNAMED --add-opens=java.base/java.lang=ALL-UNNAMED --add-opens=java.base/sun.nio.fs=ALL-UNNAMED -Declipse.application=org.eclipse.jdt.ls.core.id1 -Dosgi.bundles.defaultStartLevel=4 -Declipse.product=org.eclipse.jdt.ls.core.product -Djava.import.generatesMetadataFilesAtProjectRoot=false -DDetectVMInstallationsJob.disabled=true -Dfile.encoding=utf8 -XX:+UseParallelGC -XX:GCTimeRatio=4 -XX:AdaptiveSizePolicyWeight=90 -Dsun.zip.disableMemoryMapping=true -Xmx1G -Xms100m -Xlog:disable -javaagent:c:\Users\alanp.DESKTOP-94EMTC4.000\.vscode\extensions\redhat.java-1.42.0-win32-x64\lombok\lombok-1.18.36.jar -XX:+HeapDumpOnOutOfMemoryError -XX:HeapDumpPath=c:\Users\alanp.DESKTOP-94EMTC4.000\AppData\Roaming\Code\User\workspaceStorage\fa41ceedfd5d67469da4beb8e517eeeb\redhat.java -Daether.dependencyCollector.impl=bf 
java_command: c:\Users\alanp.DESKTOP-94EMTC4.000\.vscode\extensions\redhat.java-1.42.0-win32-x64\server\plugins\org.eclipse.equinox.launcher_1.7.0.v20250424-1814.jar -configuration c:\Users\alanp.DESKTOP-94EMTC4.000\AppData\Roaming\Code\User\globalStorage\redhat.java\1.42.0\config_win -data c:\Users\alanp.DESKTOP-94EMTC4.000\AppData\Roaming\Code\User\workspaceStorage\fa41ceedfd5d67469da4beb8e517eeeb\redhat.java\jdt_ws --pipe=\\.\pipe\lsp-d0e9a40e0a7819ad93a9b516edda5d23-sock
java_class_path (initial): c:\Users\alanp.DESKTOP-94EMTC4.000\.vscode\extensions\redhat.java-1.42.0-win32-x64\server\plugins\org.eclipse.equinox.launcher_1.7.0.v20250424-1814.jar
Launcher Type: SUN_STANDARD

[Global flags]
    uintx AdaptiveSizePolicyWeight                 = 90                                        {product} {command line}
     intx CICompilerCount                          = 3                                         {product} {ergonomic}
    uintx GCTimeRatio                              = 4                                         {product} {command line}
     bool HeapDumpOnOutOfMemoryError               = true                                   {manageable} {command line}
    ccstr HeapDumpPath                             = c:\Users\alanp.DESKTOP-94EMTC4.000\AppData\Roaming\Code\User\workspaceStorage\fa41ceedfd5d67469da4beb8e517eeeb\redhat.java         {manageable} {command line}
   size_t InitialHeapSize                          = 104857600                                 {product} {command line}
   size_t MaxHeapSize                              = 1073741824                                {product} {command line}
   size_t MaxNewSize                               = 357564416                                 {product} {ergonomic}
   size_t MinHeapDeltaBytes                        = 524288                                    {product} {ergonomic}
   size_t MinHeapSize                              = 104857600                                 {product} {command line}
   size_t NewSize                                  = 34603008                                  {product} {ergonomic}
    uintx NonNMethodCodeHeapSize                   = 5832780                                {pd product} {ergonomic}
    uintx NonProfiledCodeHeapSize                  = 122912730                              {pd product} {ergonomic}
   size_t OldSize                                  = 70254592                                  {product} {ergonomic}
    uintx ProfiledCodeHeapSize                     = 122912730                              {pd product} {ergonomic}
    uintx ReservedCodeCacheSize                    = 251658240                              {pd product} {ergonomic}
     bool SegmentedCodeCache                       = true                                      {product} {ergonomic}
   size_t SoftMaxHeapSize                          = 1073741824                             {manageable} {ergonomic}
     bool UseCompressedOops                        = true                           {product lp64_product} {ergonomic}
     bool UseLargePagesIndividualAllocation        = false                                  {pd product} {ergonomic}
     bool UseParallelGC                            = true                                      {product} {command line}

Logging:
Log output configuration:
 #0: stdout all=off uptime,level,tags foldmultilines=false
 #1: stderr all=off uptime,level,tags foldmultilines=false

Environment Variables:
PATH=C:\Program Files\Common Files\Oracle\Java\javapath;C:\Program Files (x86)\Common Files\Oracle\Java\javapath;c:\Users\alanp.DESKTOP-94EMTC4.000\AppData\Local\Programs\cursor\resources\app\bin;C:\Program Files\Zen Browser;C:\WINDOWS\system32;C:\WINDOWS;C:\WINDOWS\System32\Wbem;C:\WINDOWS\System32\WindowsPowerShell\v1.0\;C:\WINDOWS\System32\OpenSSH\;C:\Users\alanp.DESKTOP-94EMTC4.000\AppData\Local\Microsoft\WindowsApps;C:\Users\alanp.DESKTOP-94EMTC4.000\AppData\Local\Programs\cursor\resources\app\bin;c:\Users\alanp.DESKTOP-94EMTC4.000\AppData\Local\Programs\cursor\resources\app\bin;c:\Users\alanp.DESKTOP-94EMTC4.000\AppData\Local\Programs\cursor\resources\app\bin;C:\ProgramData\chocolatey\bin;C:\Program Files\nodejs\;C:\Program Files\Git\cmd;C:\Program Files\PuTTY\;C:\Program Files\GitHub CLI\;C:\Program Files\Void\bin;C:\Users\alanp.DESKTOP-94EMTC4.000\AppData\Local\Programs\Python\Python313\Scripts\;C:\Users\alanp.DESKTOP-94EMTC4.000\AppData\Local\Programs\Python\Python313\;C:\Users\alanp.DESKTOP-94EMTC4.000\AppData\Local\Microsoft\WindowsApps;C:\Users\alanp.DESKTOP-94EMTC4.000\AppData\Roaming\npm;C:\Users\alanp.DESKTOP-94EMTC4.000\AppData\Local\Programs\Microsoft VS Code\bin;C:\Users\alanp.DESKTOP-94EMTC4.000\AppData\Local\JetBrains\Toolbox\scripts;C:\Users\alanp.DESKTOP-94EMTC4.000\AppData\Local\Programs\cursor\resources\app\bin;Z:\mango sh\;C:\Users\alanp.DESKTOP-94EMTC4.000\AppData\Local\Programs\Windsurf\bin
USERNAME=alanp
OS=Windows_NT
PROCESSOR_IDENTIFIER=Intel64 Family 6 Model 60 Stepping 3, GenuineIntel
TMP=C:\Users\ALANPD~1.000\AppData\Local\Temp
TEMP=C:\Users\ALANPD~1.000\AppData\Local\Temp




Periodic native trim disabled

---------------  S Y S T E M  ---------------

OS:
 Windows 10 , 64 bit Build 19041 (10.0.19041.5794)
OS uptime: 0 days 19:21 hours
Hyper-V role detected

CPU: total 4 (initial active 4) (2 cores per cpu, 2 threads per core) family 6 model 60 stepping 3 microcode 0x27, cx8, cmov, fxsr, ht, mmx, sse, sse2, sse3, ssse3, sse4.1, sse4.2, popcnt, lzcnt, tsc, tscinvbit, avx, avx2, aes, erms, clmul, bmi1, bmi2, fma, vzeroupper, clflush, hv, rdtscp, f16c
Processor Information for the first 4 processors :
  Max Mhz: 3392, Current Mhz: 3392, Mhz Limit: 3392

Memory: 4k page, system-wide physical 4054M (284M free)
TotalPageFile size 16342M (AvailPageFile size 34M)
current process WorkingSet (physical memory assigned to process): 189M, peak: 189M
current process commit charge ("private bytes"): 269M, peak: 270M

vm_info: OpenJDK 64-Bit Server VM (21.0.7+6-LTS) for windows-amd64 JRE (21.0.7+6-LTS), built on 2025-04-15T00:00:00Z by "admin" with MS VC++ 17.7 (VS2022)

END.
