#
# There is insufficient memory for the Java Runtime Environment to continue.
# Native memory allocation (malloc) failed to allocate 441776 bytes. Error detail: Chunk::new
# Possible reasons:
#   The system is out of physical RAM or swap space
#   This process is running with CompressedOops enabled, and the Java Heap may be blocking the growth of the native heap
# Possible solutions:
#   Reduce memory load on the system
#   Increase physical memory or swap space
#   Check if swap backing store is full
#   Decrease Java heap size (-Xmx/-Xms)
#   Decrease number of Java threads
#   Decrease Java thread stack sizes (-Xss)
#   Set larger code cache with -XX:ReservedCodeCacheSize=
#   JVM is running with Unscaled Compressed Oops mode in which the Java heap is
#     placed in the first 4GB address space. The Java Heap base address is the
#     maximum limit for the native heap growth. Please use -XX:HeapBaseMinAddress
#     to set the Java Heap base and to place the Java Heap above 4GB virtual address.
# This output file may be truncated or incomplete.
#
#  Out of Memory Error (arena.cpp:168), pid=9164, tid=4060
#
# JRE version: OpenJDK Runtime Environment Temurin-21.0.7+6 (21.0.7+6) (build 21.0.7+6-LTS)
# Java VM: OpenJDK 64-Bit Server VM Temurin-21.0.7+6 (21.0.7+6-LTS, mixed mode, sharing, tiered, compressed oops, compressed class ptrs, parallel gc, windows-amd64)
# No core dump will be written. Minidumps are not enabled by default on client versions of Windows
#

---------------  S U M M A R Y ------------

Command Line: --add-modules=ALL-SYSTEM --add-opens=java.base/java.util=ALL-UNNAMED --add-opens=java.base/java.lang=ALL-UNNAMED --add-opens=java.base/sun.nio.fs=ALL-UNNAMED -Declipse.application=org.eclipse.jdt.ls.core.id1 -Dosgi.bundles.defaultStartLevel=4 -Declipse.product=org.eclipse.jdt.ls.core.product -Djava.import.generatesMetadataFilesAtProjectRoot=false -DDetectVMInstallationsJob.disabled=true -Dfile.encoding=utf8 -XX:+UseParallelGC -XX:GCTimeRatio=4 -XX:AdaptiveSizePolicyWeight=90 -Dsun.zip.disableMemoryMapping=true -Xmx1G -Xms100m -Xlog:disable -javaagent:c:\Users\alanp.DESKTOP-94EMTC4.000\.vscode\extensions\redhat.java-1.42.0-win32-x64\lombok\lombok-1.18.36.jar c:\Users\alanp.DESKTOP-94EMTC4.000\.vscode\extensions\redhat.java-1.42.0-win32-x64\server\plugins\org.eclipse.equinox.launcher_1.7.0.v20250424-1814.jar -configuration c:\Users\alanp.DESKTOP-94EMTC4.000\AppData\Roaming\Code\User\globalStorage\redhat.java\1.42.0\config_ss_win -data c:\Users\alanp.DESKTOP-94EMTC4.000\AppData\Roaming\Code\User\workspaceStorage\fa41ceedfd5d67469da4beb8e517eeeb\redhat.java\ss_ws --pipe=\\.\pipe\lsp-5be778e9738f3236b87563f4f0f60dd7-sock

Host: Intel(R) Core(TM) i3-4130 CPU @ 3.40GHz, 4 cores, 3G,  Windows 10 , 64 bit Build 19041 (10.0.19041.5794)
Time: Tue May 27 11:57:58 2025 India Standard Time elapsed time: 42.962870 seconds (0d 0h 0m 42s)

---------------  T H R E A D  ---------------

Current thread (0x000001fbf7e45050):  JavaThread "C2 CompilerThread0" daemon [_thread_in_native, id=4060, stack(0x000000a0d5700000,0x000000a0d5800000) (1024K)]


Current CompileTask:
C2:42962 5995       4       org.eclipse.osgi.internal.loader.BundleLoader::searchHooks (192 bytes)

Stack: [0x000000a0d5700000,0x000000a0d5800000]
Native frames: (J=compiled Java code, j=interpreted, Vv=VM code, C=native code)
V  [jvm.dll+0x6ce119]
V  [jvm.dll+0x8a84a1]
V  [jvm.dll+0x8aa9ce]
V  [jvm.dll+0x8ab0b3]
V  [jvm.dll+0x27f8a6]
V  [jvm.dll+0xc507d]
V  [jvm.dll+0xc55b3]
V  [jvm.dll+0x3b692c]
V  [jvm.dll+0x382aa5]
V  [jvm.dll+0x381f0a]
V  [jvm.dll+0x247af0]
V  [jvm.dll+0x2470cf]
V  [jvm.dll+0x1c760e]
V  [jvm.dll+0x25695a]
V  [jvm.dll+0x254efa]
V  [jvm.dll+0x3f03f6]
V  [jvm.dll+0x851f6b]
V  [jvm.dll+0x6cc7dd]
C  [ucrtbase.dll+0x21bb2]
C  [KERNEL32.DLL+0x17374]
C  [ntdll.dll+0x4cc91]


---------------  P R O C E S S  ---------------

Threads class SMR info:
_java_thread_list=0x000001fbfea54e10, length=32, elements={
0x000001fbf09361b0, 0x000001fbf7e3aec0, 0x000001fbf7e3e530, 0x000001fbf7e40ba0,
0x000001fbf7e41c10, 0x000001fbf7e437d0, 0x000001fbf7e44220, 0x000001fbf7e45050,
0x000001fbf7eb9cc0, 0x000001fbf2b7e770, 0x000001fbf8e27210, 0x000001fbfd285f60,
0x000001fbfd541bc0, 0x000001fbfd542220, 0x000001fbfd162fd0, 0x000001fbfda58b00,
0x000001fbfda5a540, 0x000001fbfda59820, 0x000001fbfda59eb0, 0x000001fbfe84d1d0,
0x000001fbfe84d860, 0x000001fbfe84ec10, 0x000001fbfe84def0, 0x000001fbfe84ffc0,
0x000001fbfe84f2a0, 0x000001fbfe84f930, 0x000001fbfe84e580, 0x000001fbfe84cb40,
0x000001fbfda5b260, 0x000001fbfda57de0, 0x000001fbfda59190, 0x000001fbfda58470
}

Java Threads: ( => current thread )
  0x000001fbf09361b0 JavaThread "main"                              [_thread_blocked, id=6280, stack(0x000000a0d4d00000,0x000000a0d4e00000) (1024K)]
  0x000001fbf7e3aec0 JavaThread "Reference Handler"          daemon [_thread_blocked, id=16280, stack(0x000000a0d5100000,0x000000a0d5200000) (1024K)]
  0x000001fbf7e3e530 JavaThread "Finalizer"                  daemon [_thread_blocked, id=6284, stack(0x000000a0d5200000,0x000000a0d5300000) (1024K)]
  0x000001fbf7e40ba0 JavaThread "Signal Dispatcher"          daemon [_thread_blocked, id=13200, stack(0x000000a0d5300000,0x000000a0d5400000) (1024K)]
  0x000001fbf7e41c10 JavaThread "Attach Listener"            daemon [_thread_blocked, id=2440, stack(0x000000a0d5400000,0x000000a0d5500000) (1024K)]
  0x000001fbf7e437d0 JavaThread "Service Thread"             daemon [_thread_blocked, id=11608, stack(0x000000a0d5500000,0x000000a0d5600000) (1024K)]
  0x000001fbf7e44220 JavaThread "Monitor Deflation Thread"   daemon [_thread_blocked, id=9808, stack(0x000000a0d5600000,0x000000a0d5700000) (1024K)]
=>0x000001fbf7e45050 JavaThread "C2 CompilerThread0"         daemon [_thread_in_native, id=4060, stack(0x000000a0d5700000,0x000000a0d5800000) (1024K)]
  0x000001fbf7eb9cc0 JavaThread "C1 CompilerThread0"         daemon [_thread_blocked, id=2840, stack(0x000000a0d5800000,0x000000a0d5900000) (1024K)]
  0x000001fbf2b7e770 JavaThread "Common-Cleaner"             daemon [_thread_blocked, id=13164, stack(0x000000a0d5900000,0x000000a0d5a00000) (1024K)]
  0x000001fbf8e27210 JavaThread "Notification Thread"        daemon [_thread_blocked, id=8972, stack(0x000000a0d5a00000,0x000000a0d5b00000) (1024K)]
  0x000001fbfd285f60 JavaThread "Active Thread: Equinox Container: aca83272-fb05-4972-ab96-a526c80df0c9"        [_thread_blocked, id=828, stack(0x000000a0d6200000,0x000000a0d6300000) (1024K)]
  0x000001fbfd541bc0 JavaThread "Framework Event Dispatcher: Equinox Container: aca83272-fb05-4972-ab96-a526c80df0c9" daemon [_thread_blocked, id=13412, stack(0x000000a0d6300000,0x000000a0d6400000) (1024K)]
  0x000001fbfd542220 JavaThread "Start Level: Equinox Container: aca83272-fb05-4972-ab96-a526c80df0c9" daemon [_thread_blocked, id=11704, stack(0x000000a0d6400000,0x000000a0d6500000) (1024K)]
  0x000001fbfd162fd0 JavaThread "Refresh Thread: Equinox Container: aca83272-fb05-4972-ab96-a526c80df0c9" daemon [_thread_blocked, id=8160, stack(0x000000a0d6500000,0x000000a0d6600000) (1024K)]
  0x000001fbfda58b00 JavaThread "SCR Component Actor"        daemon [_thread_blocked, id=3456, stack(0x000000a0d6600000,0x000000a0d6700000) (1024K)]
  0x000001fbfda5a540 JavaThread "Worker-JM"                         [_thread_blocked, id=9020, stack(0x000000a0d6800000,0x000000a0d6900000) (1024K)]
  0x000001fbfda59820 JavaThread "Worker-0"                          [_thread_blocked, id=5676, stack(0x000000a0d6900000,0x000000a0d6a00000) (1024K)]
  0x000001fbfda59eb0 JavaThread "Worker-1"                          [_thread_blocked, id=8336, stack(0x000000a0d6a00000,0x000000a0d6b00000) (1024K)]
  0x000001fbfe84d1d0 JavaThread "JNA Cleaner"                daemon [_thread_blocked, id=9120, stack(0x000000a0d6b00000,0x000000a0d6c00000) (1024K)]
  0x000001fbfe84d860 JavaThread "Thread-2"                   daemon [_thread_in_native, id=11528, stack(0x000000a0d6e00000,0x000000a0d6f00000) (1024K)]
  0x000001fbfe84ec10 JavaThread "Thread-3"                   daemon [_thread_in_native, id=11464, stack(0x000000a0d6f00000,0x000000a0d7000000) (1024K)]
  0x000001fbfe84def0 JavaThread "Thread-4"                   daemon [_thread_in_native, id=6052, stack(0x000000a0d7000000,0x000000a0d7100000) (1024K)]
  0x000001fbfe84ffc0 JavaThread "Thread-5"                   daemon [_thread_in_native, id=5236, stack(0x000000a0d7100000,0x000000a0d7200000) (1024K)]
  0x000001fbfe84f2a0 JavaThread "Thread-6"                   daemon [_thread_in_native, id=12224, stack(0x000000a0d7200000,0x000000a0d7300000) (1024K)]
  0x000001fbfe84f930 JavaThread "pool-2-thread-1"                   [_thread_blocked, id=8052, stack(0x000000a0d7300000,0x000000a0d7400000) (1024K)]
  0x000001fbfe84e580 JavaThread "WorkspaceEventsHandler"            [_thread_blocked, id=848, stack(0x000000a0d7400000,0x000000a0d7500000) (1024K)]
  0x000001fbfe84cb40 JavaThread "pool-1-thread-1"                   [_thread_blocked, id=5948, stack(0x000000a0d7500000,0x000000a0d7600000) (1024K)]
  0x000001fbfda5b260 JavaThread "Worker-2"                          [_thread_blocked, id=2236, stack(0x000000a0d5e00000,0x000000a0d5f00000) (1024K)]
  0x000001fbfda57de0 JavaThread "ForkJoinPool.commonPool-worker-1" daemon [_thread_in_vm, id=3740, stack(0x000000a0d5f00000,0x000000a0d6000000) (1024K)]
  0x000001fbfda59190 JavaThread "ForkJoinPool.commonPool-worker-2" daemon [_thread_blocked, id=15132, stack(0x000000a0d6000000,0x000000a0d6100000) (1024K)]
  0x000001fbfda58470 JavaThread "ForkJoinPool.commonPool-worker-3" daemon [_thread_blocked, id=15540, stack(0x000000a0d6100000,0x000000a0d6200000) (1024K)]
Total: 32

Other Threads:
  0x000001fbf2bd0f40 VMThread "VM Thread"                           [id=11920, stack(0x000000a0d5000000,0x000000a0d5100000) (1024K)]
  0x000001fbf2b7d2c0 WatcherThread "VM Periodic Task Thread"        [id=2644, stack(0x000000a0d4f00000,0x000000a0d5000000) (1024K)]
  0x000001fbf2b30340 WorkerThread "GC Thread#0"                     [id=9240, stack(0x000000a0d4e00000,0x000000a0d4f00000) (1024K)]
  0x000001fbfd0fbcc0 WorkerThread "GC Thread#1"                     [id=10324, stack(0x000000a0d5b00000,0x000000a0d5c00000) (1024K)]
  0x000001fbfd0fc060 WorkerThread "GC Thread#2"                     [id=9936, stack(0x000000a0d5c00000,0x000000a0d5d00000) (1024K)]
  0x000001fbfd304520 WorkerThread "GC Thread#3"                     [id=10364, stack(0x000000a0d5d00000,0x000000a0d5e00000) (1024K)]
Total: 6

Threads with active compile tasks:
C2 CompilerThread0  42998 5995       4       org.eclipse.osgi.internal.loader.BundleLoader::searchHooks (192 bytes)
C1 CompilerThread0  42998 6026       3       org.eclipse.jdt.core.compiler.CharOperation::equals (68 bytes)
Total: 2

VM state: not at safepoint (normal execution)

VM Mutex/Monitor currently owned by a thread: None

Heap address: 0x00000000c0000000, size: 1024 MB, Compressed Oops mode: 32-bit

CDS archive(s) mapped at: [0x000001fb8f000000-0x000001fb8fba0000-0x000001fb8fba0000), size 12189696, SharedBaseAddress: 0x000001fb8f000000, ArchiveRelocationMode: 1.
Compressed class space mapped at: 0x000001fb90000000-0x000001fbd0000000, reserved size: 1073741824
Narrow klass base: 0x000001fb8f000000, Narrow klass shift: 0, Narrow klass range: 0x100000000

GC Precious Log:
 CardTable entry size: 512
 CPUs: 4 total, 4 available
 Memory: 4054M
 Large Page Support: Disabled
 NUMA Support: Disabled
 Compressed Oops: Enabled (32-bit)
 Alignments: Space 512K, Generation 512K, Heap 2M
 Heap Min Capacity: 100M
 Heap Initial Capacity: 100M
 Heap Max Capacity: 1G
 Pre-touch: Disabled
 Parallel Workers: 4

Heap:
 PSYoungGen      total 19456K, used 15544K [0x00000000eab00000, 0x00000000ec180000, 0x0000000100000000)
  eden space 18944K, 79% used [0x00000000eab00000,0x00000000eb9b6140,0x00000000ebd80000)
  from space 512K, 93% used [0x00000000ebf80000,0x00000000ebff8030,0x00000000ec000000)
  to   space 1536K, 0% used [0x00000000ec000000,0x00000000ec000000,0x00000000ec180000)
 ParOldGen       total 68608K, used 30495K [0x00000000c0000000, 0x00000000c4300000, 0x00000000eab00000)
  object space 68608K, 44% used [0x00000000c0000000,0x00000000c1dc7cc0,0x00000000c4300000)
 Metaspace       used 43514K, committed 44672K, reserved 1114112K
  class space    used 4352K, committed 4928K, reserved 1048576K

Card table byte_map: [0x000001fbf24c0000,0x000001fbf26d0000] _byte_map_base: 0x000001fbf1ec0000

Marking Bits: (ParMarkBitMap*) 0x00007ff96eea31f0
 Begin Bits: [0x000001fbf5d10000, 0x000001fbf6d10000)
 End Bits:   [0x000001fbf6d10000, 0x000001fbf7d10000)

Polling page: 0x000001fbf08f0000

Metaspace:

Usage:
  Non-class:     38.24 MB used.
      Class:      4.25 MB used.
       Both:     42.49 MB used.

Virtual space:
  Non-class space:       64.00 MB reserved,      38.81 MB ( 61%) committed,  1 nodes.
      Class space:        1.00 GB reserved,       4.81 MB ( <1%) committed,  1 nodes.
             Both:        1.06 GB reserved,      43.62 MB (  4%) committed. 

Chunk freelists:
   Non-Class:  8.88 MB
       Class:  11.17 MB
        Both:  20.05 MB

MaxMetaspaceSize: unlimited
CompressedClassSpaceSize: 1.00 GB
Initial GC threshold: 21.00 MB
Current GC threshold: 58.38 MB
CDS: on
 - commit_granule_bytes: 65536.
 - commit_granule_words: 8192.
 - virtual_space_node_default_size: 8388608.
 - enlarge_chunks_in_place: 1.
 - use_allocation_guard: 0.


Internal statistics:

num_allocs_failed_limit: 6.
num_arena_births: 816.
num_arena_deaths: 14.
num_vsnodes_births: 2.
num_vsnodes_deaths: 0.
num_space_committed: 698.
num_space_uncommitted: 0.
num_chunks_returned_to_freelist: 20.
num_chunks_taken_from_freelist: 2566.
num_chunk_merges: 9.
num_chunk_splits: 1669.
num_chunks_enlarged: 1088.
num_inconsistent_stats: 0.

CodeHeap 'non-profiled nmethods': size=120000Kb used=3017Kb max_used=3017Kb free=116982Kb
 bounds [0x000001fb87ad0000, 0x000001fb87dd0000, 0x000001fb8f000000]
CodeHeap 'profiled nmethods': size=120000Kb used=12533Kb max_used=12533Kb free=107467Kb
 bounds [0x000001fb80000000, 0x000001fb80c40000, 0x000001fb87530000]
CodeHeap 'non-nmethods': size=5760Kb used=1403Kb max_used=1439Kb free=4356Kb
 bounds [0x000001fb87530000, 0x000001fb877a0000, 0x000001fb87ad0000]
 total_blobs=6290 nmethods=5578 adapters=618
 compilation: enabled
              stopped_count=0, restarted_count=0
 full_count=0

Compilation events (20 events):
Event: 42.904 Thread 0x000001fbf7eb9cc0 nmethod 6004% 0x000001fb80c23910 code [0x000001fb80c23ac0, 0x000001fb80c23d78]
Event: 42.904 Thread 0x000001fbf7eb9cc0 6006 %     3       sun.nio.fs.WindowsPath::hashCode @ 11 (52 bytes)
Event: 42.905 Thread 0x000001fbf7eb9cc0 nmethod 6006% 0x000001fb80c23f10 code [0x000001fb80c24160, 0x000001fb80c24b58]
Event: 42.905 Thread 0x000001fbf7eb9cc0 6009   !   3       org.eclipse.jdt.internal.core.PackageFragmentRoot::getSourceModuleDescription (154 bytes)
Event: 42.906 Thread 0x000001fbf7eb9cc0 nmethod 6009 0x000001fb80c24f90 code [0x000001fb80c25320, 0x000001fb80c26dc0]
Event: 42.906 Thread 0x000001fbf7eb9cc0 6005 %     3       sun.nio.fs.WindowsPath::compareTo @ 49 (118 bytes)
Event: 42.908 Thread 0x000001fbf7eb9cc0 nmethod 6005% 0x000001fb80c27810 code [0x000001fb80c27b60, 0x000001fb80c290c0]
Event: 42.908 Thread 0x000001fbf7eb9cc0 6010       3       jdk.internal.util.ArraysSupport::mismatch (72 bytes)
Event: 42.908 Thread 0x000001fbf7eb9cc0 nmethod 6010 0x000001fb80c29990 code [0x000001fb80c29b80, 0x000001fb80c29f70]
Event: 42.908 Thread 0x000001fbf7eb9cc0 6011       3       org.eclipse.jdt.internal.core.JarPackageFragmentRoot::resource (15 bytes)
Event: 42.908 Thread 0x000001fbf7eb9cc0 nmethod 6011 0x000001fb80c2a190 code [0x000001fb80c2a340, 0x000001fb80c2a510]
Event: 42.908 Thread 0x000001fbf7eb9cc0 6008       3       org.eclipse.jdt.internal.core.JavaProject$ModuleLookup::getRoot (22 bytes)
Event: 42.908 Thread 0x000001fbf7eb9cc0 nmethod 6008 0x000001fb80c2a610 code [0x000001fb80c2a800, 0x000001fb80c2ac98]
Event: 42.908 Thread 0x000001fbf7eb9cc0 6007       3       jdk.internal.jrtfs.JrtPath::toUri (85 bytes)
Event: 42.909 Thread 0x000001fbf7eb9cc0 nmethod 6007 0x000001fb80c2ae10 code [0x000001fb80c2b120, 0x000001fb80c2be48]
Event: 42.916 Thread 0x000001fbf7eb9cc0 6015       3       org.eclipse.jdt.internal.compiler.util.JrtFileSystem::getClassfileFromModule (93 bytes)
Event: 42.917 Thread 0x000001fbf7eb9cc0 nmethod 6015 0x000001fb80c2c410 code [0x000001fb80c2c720, 0x000001fb80c2da50]
Event: 42.927 Thread 0x000001fbf7eb9cc0 6016       3       jdk.internal.jrtfs.JrtPath::toAbsolutePath (44 bytes)
Event: 42.928 Thread 0x000001fbf7eb9cc0 nmethod 6016 0x000001fb80c2e110 code [0x000001fb80c2e3c0, 0x000001fb80c2f0e0]
Event: 42.937 Thread 0x000001fbf7eb9cc0 6017   !   3       org.eclipse.jdt.internal.compiler.parser.Scanner::getNextToken0 (3064 bytes)

GC Heap History (20 events):
Event: 33.778 GC heap before
{Heap before GC invocations=16 (full 1):
 PSYoungGen      total 24064K, used 24004K [0x00000000eab00000, 0x00000000ec580000, 0x0000000100000000)
  eden space 22016K, 100% used [0x00000000eab00000,0x00000000ec080000,0x00000000ec080000)
  from space 2048K, 97% used [0x00000000ec380000,0x00000000ec571000,0x00000000ec580000)
  to   space 2560K, 0% used [0x00000000ec080000,0x00000000ec080000,0x00000000ec300000)
 ParOldGen       total 68608K, used 22317K [0x00000000c0000000, 0x00000000c4300000, 0x00000000eab00000)
  object space 68608K, 32% used [0x00000000c0000000,0x00000000c15cb758,0x00000000c4300000)
 Metaspace       used 33537K, committed 34496K, reserved 1114112K
  class space    used 3290K, committed 3712K, reserved 1048576K
}
Event: 33.785 GC heap after
{Heap after GC invocations=16 (full 1):
 PSYoungGen      total 24576K, used 2112K [0x00000000eab00000, 0x00000000ec580000, 0x0000000100000000)
  eden space 22016K, 0% used [0x00000000eab00000,0x00000000eab00000,0x00000000ec080000)
  from space 2560K, 82% used [0x00000000ec080000,0x00000000ec290010,0x00000000ec300000)
  to   space 2560K, 0% used [0x00000000ec300000,0x00000000ec300000,0x00000000ec580000)
 ParOldGen       total 68608K, used 24270K [0x00000000c0000000, 0x00000000c4300000, 0x00000000eab00000)
  object space 68608K, 35% used [0x00000000c0000000,0x00000000c17b3858,0x00000000c4300000)
 Metaspace       used 33537K, committed 34496K, reserved 1114112K
  class space    used 3290K, committed 3712K, reserved 1048576K
}
Event: 34.618 GC heap before
{Heap before GC invocations=17 (full 1):
 PSYoungGen      total 24576K, used 24128K [0x00000000eab00000, 0x00000000ec580000, 0x0000000100000000)
  eden space 22016K, 100% used [0x00000000eab00000,0x00000000ec080000,0x00000000ec080000)
  from space 2560K, 82% used [0x00000000ec080000,0x00000000ec290010,0x00000000ec300000)
  to   space 2560K, 0% used [0x00000000ec300000,0x00000000ec300000,0x00000000ec580000)
 ParOldGen       total 68608K, used 24270K [0x00000000c0000000, 0x00000000c4300000, 0x00000000eab00000)
  object space 68608K, 35% used [0x00000000c0000000,0x00000000c17b3858,0x00000000c4300000)
 Metaspace       used 33778K, committed 34688K, reserved 1114112K
  class space    used 3302K, committed 3712K, reserved 1048576K
}
Event: 34.625 GC heap after
{Heap after GC invocations=17 (full 1):
 PSYoungGen      total 21504K, used 2549K [0x00000000eab00000, 0x00000000ecb80000, 0x0000000100000000)
  eden space 18944K, 0% used [0x00000000eab00000,0x00000000eab00000,0x00000000ebd80000)
  from space 2560K, 99% used [0x00000000ec300000,0x00000000ec57d720,0x00000000ec580000)
  to   space 5632K, 0% used [0x00000000ebd80000,0x00000000ebd80000,0x00000000ec300000)
 ParOldGen       total 68608K, used 26506K [0x00000000c0000000, 0x00000000c4300000, 0x00000000eab00000)
  object space 68608K, 38% used [0x00000000c0000000,0x00000000c19e2888,0x00000000c4300000)
 Metaspace       used 33778K, committed 34688K, reserved 1114112K
  class space    used 3302K, committed 3712K, reserved 1048576K
}
Event: 35.200 GC heap before
{Heap before GC invocations=18 (full 1):
 PSYoungGen      total 21504K, used 21493K [0x00000000eab00000, 0x00000000ecb80000, 0x0000000100000000)
  eden space 18944K, 100% used [0x00000000eab00000,0x00000000ebd80000,0x00000000ebd80000)
  from space 2560K, 99% used [0x00000000ec300000,0x00000000ec57d720,0x00000000ec580000)
  to   space 5632K, 0% used [0x00000000ebd80000,0x00000000ebd80000,0x00000000ec300000)
 ParOldGen       total 68608K, used 26506K [0x00000000c0000000, 0x00000000c4300000, 0x00000000eab00000)
  object space 68608K, 38% used [0x00000000c0000000,0x00000000c19e2888,0x00000000c4300000)
 Metaspace       used 34889K, committed 35712K, reserved 1114112K
  class space    used 3452K, committed 3840K, reserved 1048576K
}
Event: 35.208 GC heap after
{Heap after GC invocations=18 (full 1):
 PSYoungGen      total 20480K, used 1152K [0x00000000eab00000, 0x00000000ec380000, 0x0000000100000000)
  eden space 18944K, 0% used [0x00000000eab00000,0x00000000eab00000,0x00000000ebd80000)
  from space 1536K, 75% used [0x00000000ebd80000,0x00000000ebea0000,0x00000000ebf00000)
  to   space 2560K, 0% used [0x00000000ec100000,0x00000000ec100000,0x00000000ec380000)
 ParOldGen       total 68608K, used 29007K [0x00000000c0000000, 0x00000000c4300000, 0x00000000eab00000)
  object space 68608K, 42% used [0x00000000c0000000,0x00000000c1c53fa8,0x00000000c4300000)
 Metaspace       used 34889K, committed 35712K, reserved 1114112K
  class space    used 3452K, committed 3840K, reserved 1048576K
}
Event: 35.227 GC heap before
{Heap before GC invocations=19 (full 1):
 PSYoungGen      total 20480K, used 1867K [0x00000000eab00000, 0x00000000ec380000, 0x0000000100000000)
  eden space 18944K, 3% used [0x00000000eab00000,0x00000000eabb2c70,0x00000000ebd80000)
  from space 1536K, 75% used [0x00000000ebd80000,0x00000000ebea0000,0x00000000ebf00000)
  to   space 2560K, 0% used [0x00000000ec100000,0x00000000ec100000,0x00000000ec380000)
 ParOldGen       total 68608K, used 29007K [0x00000000c0000000, 0x00000000c4300000, 0x00000000eab00000)
  object space 68608K, 42% used [0x00000000c0000000,0x00000000c1c53fa8,0x00000000c4300000)
 Metaspace       used 34960K, committed 35840K, reserved 1114112K
  class space    used 3472K, committed 3904K, reserved 1048576K
}
Event: 35.230 GC heap after
{Heap after GC invocations=19 (full 1):
 PSYoungGen      total 19456K, used 96K [0x00000000eab00000, 0x00000000ec180000, 0x0000000100000000)
  eden space 18944K, 0% used [0x00000000eab00000,0x00000000eab00000,0x00000000ebd80000)
  from space 512K, 18% used [0x00000000ec100000,0x00000000ec118000,0x00000000ec180000)
  to   space 1024K, 0% used [0x00000000ebf80000,0x00000000ebf80000,0x00000000ec080000)
 ParOldGen       total 68608K, used 30071K [0x00000000c0000000, 0x00000000c4300000, 0x00000000eab00000)
  object space 68608K, 43% used [0x00000000c0000000,0x00000000c1d5dca8,0x00000000c4300000)
 Metaspace       used 34960K, committed 35840K, reserved 1114112K
  class space    used 3472K, committed 3904K, reserved 1048576K
}
Event: 35.230 GC heap before
{Heap before GC invocations=20 (full 2):
 PSYoungGen      total 19456K, used 96K [0x00000000eab00000, 0x00000000ec180000, 0x0000000100000000)
  eden space 18944K, 0% used [0x00000000eab00000,0x00000000eab00000,0x00000000ebd80000)
  from space 512K, 18% used [0x00000000ec100000,0x00000000ec118000,0x00000000ec180000)
  to   space 1024K, 0% used [0x00000000ebf80000,0x00000000ebf80000,0x00000000ec080000)
 ParOldGen       total 68608K, used 30071K [0x00000000c0000000, 0x00000000c4300000, 0x00000000eab00000)
  object space 68608K, 43% used [0x00000000c0000000,0x00000000c1d5dca8,0x00000000c4300000)
 Metaspace       used 34960K, committed 35840K, reserved 1114112K
  class space    used 3472K, committed 3904K, reserved 1048576K
}
Event: 35.341 GC heap after
{Heap after GC invocations=20 (full 2):
 PSYoungGen      total 19456K, used 0K [0x00000000eab00000, 0x00000000ec180000, 0x0000000100000000)
  eden space 18944K, 0% used [0x00000000eab00000,0x00000000eab00000,0x00000000ebd80000)
  from space 512K, 0% used [0x00000000ec100000,0x00000000ec100000,0x00000000ec180000)
  to   space 1024K, 0% used [0x00000000ebf80000,0x00000000ebf80000,0x00000000ec080000)
 ParOldGen       total 68608K, used 28207K [0x00000000c0000000, 0x00000000c4300000, 0x00000000eab00000)
  object space 68608K, 41% used [0x00000000c0000000,0x00000000c1b8bc70,0x00000000c4300000)
 Metaspace       used 34960K, committed 35840K, reserved 1114112K
  class space    used 3472K, committed 3904K, reserved 1048576K
}
Event: 36.604 GC heap before
{Heap before GC invocations=21 (full 2):
 PSYoungGen      total 19456K, used 18944K [0x00000000eab00000, 0x00000000ec180000, 0x0000000100000000)
  eden space 18944K, 100% used [0x00000000eab00000,0x00000000ebd80000,0x00000000ebd80000)
  from space 512K, 0% used [0x00000000ec100000,0x00000000ec100000,0x00000000ec180000)
  to   space 1024K, 0% used [0x00000000ebf80000,0x00000000ebf80000,0x00000000ec080000)
 ParOldGen       total 68608K, used 28207K [0x00000000c0000000, 0x00000000c4300000, 0x00000000eab00000)
  object space 68608K, 41% used [0x00000000c0000000,0x00000000c1b8bc70,0x00000000c4300000)
 Metaspace       used 36202K, committed 37120K, reserved 1114112K
  class space    used 3631K, committed 4032K, reserved 1048576K
}
Event: 36.605 GC heap after
{Heap after GC invocations=21 (full 2):
 PSYoungGen      total 19968K, used 564K [0x00000000eab00000, 0x00000000ec180000, 0x0000000100000000)
  eden space 18944K, 0% used [0x00000000eab00000,0x00000000eab00000,0x00000000ebd80000)
  from space 1024K, 55% used [0x00000000ebf80000,0x00000000ec00d3c8,0x00000000ec080000)
  to   space 1024K, 0% used [0x00000000ec080000,0x00000000ec080000,0x00000000ec180000)
 ParOldGen       total 68608K, used 28215K [0x00000000c0000000, 0x00000000c4300000, 0x00000000eab00000)
  object space 68608K, 41% used [0x00000000c0000000,0x00000000c1b8dc70,0x00000000c4300000)
 Metaspace       used 36202K, committed 37120K, reserved 1114112K
  class space    used 3631K, committed 4032K, reserved 1048576K
}
Event: 38.528 GC heap before
{Heap before GC invocations=22 (full 2):
 PSYoungGen      total 19968K, used 19508K [0x00000000eab00000, 0x00000000ec180000, 0x0000000100000000)
  eden space 18944K, 100% used [0x00000000eab00000,0x00000000ebd80000,0x00000000ebd80000)
  from space 1024K, 55% used [0x00000000ebf80000,0x00000000ec00d3c8,0x00000000ec080000)
  to   space 1024K, 0% used [0x00000000ec080000,0x00000000ec080000,0x00000000ec180000)
 ParOldGen       total 68608K, used 28215K [0x00000000c0000000, 0x00000000c4300000, 0x00000000eab00000)
  object space 68608K, 41% used [0x00000000c0000000,0x00000000c1b8dc70,0x00000000c4300000)
 Metaspace       used 37620K, committed 38528K, reserved 1114112K
  class space    used 3755K, committed 4160K, reserved 1048576K
}
Event: 38.531 GC heap after
{Heap after GC invocations=22 (full 2):
 PSYoungGen      total 19968K, used 1015K [0x00000000eab00000, 0x00000000ec180000, 0x0000000100000000)
  eden space 18944K, 0% used [0x00000000eab00000,0x00000000eab00000,0x00000000ebd80000)
  from space 1024K, 99% used [0x00000000ec080000,0x00000000ec17df38,0x00000000ec180000)
  to   space 1536K, 0% used [0x00000000ebe80000,0x00000000ebe80000,0x00000000ec000000)
 ParOldGen       total 68608K, used 28692K [0x00000000c0000000, 0x00000000c4300000, 0x00000000eab00000)
  object space 68608K, 41% used [0x00000000c0000000,0x00000000c1c051c8,0x00000000c4300000)
 Metaspace       used 37620K, committed 38528K, reserved 1114112K
  class space    used 3755K, committed 4160K, reserved 1048576K
}
Event: 39.576 GC heap before
{Heap before GC invocations=23 (full 2):
 PSYoungGen      total 19968K, used 19959K [0x00000000eab00000, 0x00000000ec180000, 0x0000000100000000)
  eden space 18944K, 100% used [0x00000000eab00000,0x00000000ebd80000,0x00000000ebd80000)
  from space 1024K, 99% used [0x00000000ec080000,0x00000000ec17df38,0x00000000ec180000)
  to   space 1536K, 0% used [0x00000000ebe80000,0x00000000ebe80000,0x00000000ec000000)
 ParOldGen       total 68608K, used 28692K [0x00000000c0000000, 0x00000000c4300000, 0x00000000eab00000)
  object space 68608K, 41% used [0x00000000c0000000,0x00000000c1c051c8,0x00000000c4300000)
 Metaspace       used 37654K, committed 38592K, reserved 1114112K
  class space    used 3755K, committed 4160K, reserved 1048576K
}
Event: 39.581 GC heap after
{Heap after GC invocations=23 (full 2):
 PSYoungGen      total 20480K, used 905K [0x00000000eab00000, 0x00000000ec100000, 0x0000000100000000)
  eden space 18944K, 0% used [0x00000000eab00000,0x00000000eab00000,0x00000000ebd80000)
  from space 1536K, 58% used [0x00000000ebe80000,0x00000000ebf624d8,0x00000000ec000000)
  to   space 1024K, 0% used [0x00000000ec000000,0x00000000ec000000,0x00000000ec100000)
 ParOldGen       total 68608K, used 29361K [0x00000000c0000000, 0x00000000c4300000, 0x00000000eab00000)
  object space 68608K, 42% used [0x00000000c0000000,0x00000000c1cac508,0x00000000c4300000)
 Metaspace       used 37654K, committed 38592K, reserved 1114112K
  class space    used 3755K, committed 4160K, reserved 1048576K
}
Event: 40.482 GC heap before
{Heap before GC invocations=24 (full 2):
 PSYoungGen      total 20480K, used 19849K [0x00000000eab00000, 0x00000000ec100000, 0x0000000100000000)
  eden space 18944K, 100% used [0x00000000eab00000,0x00000000ebd80000,0x00000000ebd80000)
  from space 1536K, 58% used [0x00000000ebe80000,0x00000000ebf624d8,0x00000000ec000000)
  to   space 1024K, 0% used [0x00000000ec000000,0x00000000ec000000,0x00000000ec100000)
 ParOldGen       total 68608K, used 29361K [0x00000000c0000000, 0x00000000c4300000, 0x00000000eab00000)
  object space 68608K, 42% used [0x00000000c0000000,0x00000000c1cac508,0x00000000c4300000)
 Metaspace       used 38712K, committed 39680K, reserved 1114112K
  class space    used 3851K, committed 4288K, reserved 1048576K
}
Event: 40.483 GC heap after
{Heap after GC invocations=24 (full 2):
 PSYoungGen      total 19456K, used 128K [0x00000000eab00000, 0x00000000ec080000, 0x0000000100000000)
  eden space 18944K, 0% used [0x00000000eab00000,0x00000000eab00000,0x00000000ebd80000)
  from space 512K, 25% used [0x00000000ec000000,0x00000000ec020000,0x00000000ec080000)
  to   space 512K, 0% used [0x00000000ebf80000,0x00000000ebf80000,0x00000000ec000000)
 ParOldGen       total 68608K, used 29377K [0x00000000c0000000, 0x00000000c4300000, 0x00000000eab00000)
  object space 68608K, 42% used [0x00000000c0000000,0x00000000c1cb0508,0x00000000c4300000)
 Metaspace       used 38712K, committed 39680K, reserved 1114112K
  class space    used 3851K, committed 4288K, reserved 1048576K
}
Event: 42.110 GC heap before
{Heap before GC invocations=25 (full 2):
 PSYoungGen      total 19456K, used 19072K [0x00000000eab00000, 0x00000000ec080000, 0x0000000100000000)
  eden space 18944K, 100% used [0x00000000eab00000,0x00000000ebd80000,0x00000000ebd80000)
  from space 512K, 25% used [0x00000000ec000000,0x00000000ec020000,0x00000000ec080000)
  to   space 512K, 0% used [0x00000000ebf80000,0x00000000ebf80000,0x00000000ec000000)
 ParOldGen       total 68608K, used 29377K [0x00000000c0000000, 0x00000000c4300000, 0x00000000eab00000)
  object space 68608K, 42% used [0x00000000c0000000,0x00000000c1cb0508,0x00000000c4300000)
 Metaspace       used 41645K, committed 42688K, reserved 1114112K
  class space    used 4110K, committed 4608K, reserved 1048576K
}
Event: 42.115 GC heap after
{Heap after GC invocations=25 (full 2):
 PSYoungGen      total 19456K, used 480K [0x00000000eab00000, 0x00000000ec180000, 0x0000000100000000)
  eden space 18944K, 0% used [0x00000000eab00000,0x00000000eab00000,0x00000000ebd80000)
  from space 512K, 93% used [0x00000000ebf80000,0x00000000ebff8030,0x00000000ec000000)
  to   space 1536K, 0% used [0x00000000ec000000,0x00000000ec000000,0x00000000ec180000)
 ParOldGen       total 68608K, used 30495K [0x00000000c0000000, 0x00000000c4300000, 0x00000000eab00000)
  object space 68608K, 44% used [0x00000000c0000000,0x00000000c1dc7cc0,0x00000000c4300000)
 Metaspace       used 41645K, committed 42688K, reserved 1114112K
  class space    used 4110K, committed 4608K, reserved 1048576K
}

Dll operation events (12 events):
Event: 0.128 Loaded shared library c:\Users\alanp.DESKTOP-94EMTC4.000\.vscode\extensions\redhat.java-1.42.0-win32-x64\jre\21.0.7-win32-x86_64\bin\java.dll
Event: 0.473 Loaded shared library c:\Users\alanp.DESKTOP-94EMTC4.000\.vscode\extensions\redhat.java-1.42.0-win32-x64\jre\21.0.7-win32-x86_64\bin\zip.dll
Event: 0.519 Loaded shared library C:\Users\alanp.DESKTOP-94EMTC4.000\.vscode\extensions\redhat.java-1.42.0-win32-x64\jre\21.0.7-win32-x86_64\bin\instrument.dll
Event: 0.547 Loaded shared library C:\Users\alanp.DESKTOP-94EMTC4.000\.vscode\extensions\redhat.java-1.42.0-win32-x64\jre\21.0.7-win32-x86_64\bin\net.dll
Event: 0.564 Loaded shared library C:\Users\alanp.DESKTOP-94EMTC4.000\.vscode\extensions\redhat.java-1.42.0-win32-x64\jre\21.0.7-win32-x86_64\bin\nio.dll
Event: 0.570 Loaded shared library C:\Users\alanp.DESKTOP-94EMTC4.000\.vscode\extensions\redhat.java-1.42.0-win32-x64\jre\21.0.7-win32-x86_64\bin\zip.dll
Event: 0.610 Loaded shared library C:\Users\alanp.DESKTOP-94EMTC4.000\.vscode\extensions\redhat.java-1.42.0-win32-x64\jre\21.0.7-win32-x86_64\bin\jimage.dll
Event: 0.824 Loaded shared library c:\Users\alanp.DESKTOP-94EMTC4.000\.vscode\extensions\redhat.java-1.42.0-win32-x64\jre\21.0.7-win32-x86_64\bin\verify.dll
Event: 14.144 Loaded shared library C:\Users\alanp.DESKTOP-94EMTC4.000\AppData\Roaming\Code\User\globalStorage\redhat.java\1.42.0\config_ss_win\org.eclipse.equinox.launcher\org.eclipse.equinox.launcher.win32.win32.x86_64_1.2.1300.v20250331-1702\eclipse_11911.dll
Event: 16.507 Loaded shared library C:\Users\alanp.DESKTOP-94EMTC4.000\.vscode\extensions\redhat.java-1.42.0-win32-x64\jre\21.0.7-win32-x86_64\bin\management.dll
Event: 16.527 Loaded shared library C:\Users\alanp.DESKTOP-94EMTC4.000\.vscode\extensions\redhat.java-1.42.0-win32-x64\jre\21.0.7-win32-x86_64\bin\management_ext.dll
Event: 20.078 Loaded shared library C:\Users\alanp.DESKTOP-94EMTC4.000\AppData\Local\Temp\jna-92895704\jna10438588378152959351.dll

Deoptimization events (20 events):
Event: 42.166 Thread 0x000001fbfda57de0 DEOPT PACKING pc=0x000001fb87b3332c sp=0x000000a0d5ffb9b0
Event: 42.166 Thread 0x000001fbfda57de0 DEOPT UNPACKING pc=0x000001fb87583aa2 sp=0x000000a0d5ffb948 mode 2
Event: 42.169 Thread 0x000001fbfda57de0 Uncommon trap: trap_request=0xffffff45 fr.pc=0x000001fb87d0dee0 relative=0x0000000000000b20
Event: 42.169 Thread 0x000001fbfda57de0 Uncommon trap: reason=unstable_if action=reinterpret pc=0x000001fb87d0dee0 method=org.eclipse.jdt.internal.core.util.WeakHashSet.cleanupGarbageCollectedValues()V @ 140 c2
Event: 42.169 Thread 0x000001fbfda57de0 DEOPT PACKING pc=0x000001fb87d0dee0 sp=0x000000a0d5ffd850
Event: 42.169 Thread 0x000001fbfda57de0 DEOPT UNPACKING pc=0x000001fb87583aa2 sp=0x000000a0d5ffd758 mode 2
Event: 42.190 Thread 0x000001fbfda57de0 DEOPT PACKING pc=0x000001fb80a259a6 sp=0x000000a0d5ffd4a0
Event: 42.190 Thread 0x000001fbfda57de0 DEOPT UNPACKING pc=0x000001fb87584242 sp=0x000000a0d5ffc990 mode 0
Event: 42.643 Thread 0x000001fbfda57de0 Uncommon trap: trap_request=0xffffff45 fr.pc=0x000001fb87b78c84 relative=0x00000000000001c4
Event: 42.643 Thread 0x000001fbfda57de0 Uncommon trap: reason=unstable_if action=reinterpret pc=0x000001fb87b78c84 method=java.util.regex.Pattern$BmpCharProperty.match(Ljava/util/regex/Matcher;ILjava/lang/CharSequence;)Z @ 5 c2
Event: 42.643 Thread 0x000001fbfda57de0 DEOPT PACKING pc=0x000001fb87b78c84 sp=0x000000a0d5ffde90
Event: 42.643 Thread 0x000001fbfda57de0 DEOPT UNPACKING pc=0x000001fb87583aa2 sp=0x000000a0d5ffde28 mode 2
Event: 42.654 Thread 0x000001fbfda57de0 Uncommon trap: trap_request=0xffffffbe fr.pc=0x000001fb87d1a420 relative=0x0000000000000940
Event: 42.654 Thread 0x000001fbfda57de0 Uncommon trap: reason=profile_predicate action=maybe_recompile pc=0x000001fb87d1a420 method=java.util.ArrayList.equalsRange(Ljava/util/List;II)Z @ 31 c2
Event: 42.654 Thread 0x000001fbfda57de0 DEOPT PACKING pc=0x000001fb87d1a420 sp=0x000000a0d5ffe200
Event: 42.654 Thread 0x000001fbfda57de0 DEOPT UNPACKING pc=0x000001fb87583aa2 sp=0x000000a0d5ffe198 mode 2
Event: 42.907 Thread 0x000001fbfda57de0 Uncommon trap: trap_request=0xffffff6e fr.pc=0x000001fb87daecd0 relative=0x0000000000000190
Event: 42.907 Thread 0x000001fbfda57de0 Uncommon trap: reason=loop_limit_check action=maybe_recompile pc=0x000001fb87daecd0 method=org.eclipse.jdt.internal.core.util.HashtableOfArrayToObject.hashCode([Ljava/lang/Object;I)I @ 27 c2
Event: 42.907 Thread 0x000001fbfda57de0 DEOPT PACKING pc=0x000001fb87daecd0 sp=0x000000a0d5ffddc0
Event: 42.907 Thread 0x000001fbfda57de0 DEOPT UNPACKING pc=0x000001fb87583aa2 sp=0x000000a0d5ffdd48 mode 2

Classes loaded (20 events):
Event: 41.842 Loading class sun/reflect/misc/ReflectUtil
Event: 41.843 Loading class sun/reflect/misc/ReflectUtil done
Event: 42.086 Loading class java/util/concurrent/CompletableFuture$Signaller
Event: 42.086 Loading class java/util/concurrent/CompletableFuture$Signaller done
Event: 42.164 Loading class java/lang/invoke/MethodHandleImpl$CountingWrapper
Event: 42.164 Loading class java/lang/invoke/MethodHandleImpl$CountingWrapper done
Event: 42.186 Loading class java/lang/invoke/MethodHandleImpl$CountingWrapper$1
Event: 42.186 Loading class java/lang/invoke/MethodHandleImpl$CountingWrapper$1 done
Event: 42.682 Loading class java/util/stream/MatchOps$MatchKind
Event: 42.683 Loading class java/util/stream/MatchOps$MatchKind done
Event: 42.683 Loading class java/util/stream/MatchOps
Event: 42.683 Loading class java/util/stream/MatchOps done
Event: 42.683 Loading class java/util/stream/MatchOps$MatchOp
Event: 42.683 Loading class java/util/stream/MatchOps$MatchOp done
Event: 42.683 Loading class java/util/stream/MatchOps$BooleanTerminalSink
Event: 42.684 Loading class java/util/stream/MatchOps$BooleanTerminalSink done
Event: 42.684 Loading class java/util/stream/MatchOps$1MatchSink
Event: 42.684 Loading class java/util/stream/MatchOps$1MatchSink done
Event: 42.744 Loading class java/lang/UnsupportedClassVersionError
Event: 42.744 Loading class java/lang/UnsupportedClassVersionError done

Classes unloaded (7 events):
Event: 17.851 Thread 0x000001fbf2bd0f40 Unloading class 0x000001fb9019bc00 'java/lang/invoke/LambdaForm$MH+0x000001fb9019bc00'
Event: 17.851 Thread 0x000001fbf2bd0f40 Unloading class 0x000001fb9019b800 'java/lang/invoke/LambdaForm$MH+0x000001fb9019b800'
Event: 17.851 Thread 0x000001fbf2bd0f40 Unloading class 0x000001fb9019b400 'java/lang/invoke/LambdaForm$MH+0x000001fb9019b400'
Event: 17.851 Thread 0x000001fbf2bd0f40 Unloading class 0x000001fb9019b000 'java/lang/invoke/LambdaForm$MH+0x000001fb9019b000'
Event: 17.851 Thread 0x000001fbf2bd0f40 Unloading class 0x000001fb9019ac00 'java/lang/invoke/LambdaForm$BMH+0x000001fb9019ac00'
Event: 17.851 Thread 0x000001fbf2bd0f40 Unloading class 0x000001fb9019a800 'java/lang/invoke/LambdaForm$DMH+0x000001fb9019a800'
Event: 17.851 Thread 0x000001fbf2bd0f40 Unloading class 0x000001fb90199400 'java/lang/invoke/LambdaForm$DMH+0x000001fb90199400'

Classes redefined (0 events):
No events

Internal exceptions (20 events):
Event: 41.442 Thread 0x000001fbfe84cb40 Exception <a 'java/lang/IncompatibleClassChangeError'{0x00000000eb101ab8}: Found class java.lang.Object, but interface was expected> (0x00000000eb101ab8) 
thrown [s\src\hotspot\share\interpreter\linkResolver.cpp, line 840]
Event: 41.532 Thread 0x000001fbfda59820 Exception <a 'java/lang/NoSuchMethodError'{0x00000000eb1fbf90}: 'int java.lang.invoke.DirectMethodHandle$Holder.invokeStatic(java.lang.Object)'> (0x00000000eb1fbf90) 
thrown [s\src\hotspot\share\interpreter\linkResolver.cpp, line 773]
Event: 41.553 Thread 0x000001fbfe84cb40 Exception <a 'java/lang/IncompatibleClassChangeError'{0x00000000eb14ab48}: Found class java.lang.Object, but interface was expected> (0x00000000eb14ab48) 
thrown [s\src\hotspot\share\interpreter\linkResolver.cpp, line 840]
Event: 41.567 Thread 0x000001fbfda59820 Exception <a 'java/io/FileNotFoundException'{0x00000000eb299a90}> (0x00000000eb299a90) 
thrown [s\src\hotspot\share\prims\jni.cpp, line 520]
Event: 41.567 Thread 0x000001fbfda59820 Exception <a 'java/io/FileNotFoundException'{0x00000000eb29b4b0}> (0x00000000eb29b4b0) 
thrown [s\src\hotspot\share\prims\jni.cpp, line 520]
Event: 41.568 Thread 0x000001fbfda59820 Exception <a 'java/io/FileNotFoundException'{0x00000000eb29ca08}> (0x00000000eb29ca08) 
thrown [s\src\hotspot\share\prims\jni.cpp, line 520]
Event: 41.614 Thread 0x000001fbfe84cb40 Exception <a 'java/lang/IncompatibleClassChangeError'{0x00000000eb15dc48}: Found class java.lang.Object, but interface was expected> (0x00000000eb15dc48) 
thrown [s\src\hotspot\share\interpreter\linkResolver.cpp, line 840]
Event: 41.750 Thread 0x000001fbfda59820 Exception <a 'sun/nio/fs/WindowsException'{0x00000000eb8240a8}> (0x00000000eb8240a8) 
thrown [s\src\hotspot\share\prims\jni.cpp, line 520]
Event: 41.750 Thread 0x000001fbfda59820 Exception <a 'sun/nio/fs/WindowsException'{0x00000000eb824920}> (0x00000000eb824920) 
thrown [s\src\hotspot\share\prims\jni.cpp, line 520]
Event: 41.800 Thread 0x000001fbfda59820 Exception <a 'java/lang/NoSuchMethodError'{0x00000000eb9de330}: 'java.lang.Object java.lang.invoke.DirectMethodHandle$Holder.invokeSpecial(java.lang.Object, java.lang.Object, int, long)'> (0x00000000eb9de330) 
thrown [s\src\hotspot\share\interpreter\linkResolver.cpp, line 773]
Event: 41.807 Thread 0x000001fbfda57de0 Exception <a 'java/lang/NoSuchMethodError'{0x00000000eb9ff180}: 'java.lang.Object java.lang.invoke.DirectMethodHandle$Holder.invokeSpecial(java.lang.Object, java.lang.Object, java.lang.Object, java.lang.Object, int, java.lang.Object, java.lang.Object)'> (0x00000000eb9ff180) 
thrown [s\src\hotspot\share\interpreter\linkResolver.cpp, line 773]
Event: 42.082 Thread 0x000001fbfe84cb40 Exception <a 'java/lang/IncompatibleClassChangeError'{0x00000000ebbee828}: Found class java.lang.Object, but interface was expected> (0x00000000ebbee828) 
thrown [s\src\hotspot\share\interpreter\linkResolver.cpp, line 840]
Event: 42.161 Thread 0x000001fbfda57de0 Exception <a 'java/lang/NoSuchMethodError'{0x00000000eab97328}: 'java.lang.Object java.lang.invoke.DirectMethodHandle$Holder.invokeStatic(java.lang.Object, int, java.lang.Object, java.lang.Object)'> (0x00000000eab97328) 
thrown [s\src\hotspot\share\interpreter\linkResolver.cpp, line 773]
Event: 42.163 Thread 0x000001fbfda57de0 Exception <a 'java/lang/NoSuchMethodError'{0x00000000eab9b020}: 'java.lang.Object java.lang.invoke.DelegatingMethodHandle$Holder.delegate(java.lang.Object, int, java.lang.Object, java.lang.Object)'> (0x00000000eab9b020) 
thrown [s\src\hotspot\share\interpreter\linkResolver.cpp, line 773]
Event: 42.164 Thread 0x000001fbfda57de0 Implicit null exception at 0x000001fb87cbf576 to 0x000001fb87cbf8ac
Event: 42.166 Thread 0x000001fbfda57de0 Exception <a 'java/lang/NoSuchMethodError'{0x00000000eabaec48}: 'int java.lang.invoke.Invokers$Holder.linkToTargetMethod(java.lang.Object, java.lang.Object, java.lang.Object)'> (0x00000000eabaec48) 
thrown [s\src\hotspot\share\interpreter\linkResolver.cpp, line 773]
Event: 42.474 Thread 0x000001fbfda57de0 Exception <a 'java/lang/ArrayIndexOutOfBoundsException'{0x00000000eaf3ff68}: Index 1379 out of bounds for length 1379> (0x00000000eaf3ff68) 
thrown [s\src\hotspot\share\interpreter\interpreterRuntime.cpp, line 439]
Event: 42.809 Thread 0x000001fbfda57de0 Exception <a 'java/lang/NoSuchMethodError'{0x00000000eb765460}: 'int java.lang.invoke.Invokers$Holder.invokeExact_MT(java.lang.Object, java.lang.Object)'> (0x00000000eb765460) 
thrown [s\src\hotspot\share\interpreter\linkResolver.cpp, line 773]
Event: 42.913 Thread 0x000001fbfda57de0 Exception <a 'java/lang/NoSuchMethodError'{0x00000000eb8a5a08}: 'int java.lang.invoke.DirectMethodHandle$Holder.invokeInterface(java.lang.Object, java.lang.Object)'> (0x00000000eb8a5a08) 
thrown [s\src\hotspot\share\interpreter\linkResolver.cpp, line 773]
Event: 42.914 Thread 0x000001fbfda57de0 Exception <a 'java/lang/IncompatibleClassChangeError'{0x00000000eb8a8cd8}: Found class java.lang.Object, but interface was expected> (0x00000000eb8a8cd8) 
thrown [s\src\hotspot\share\interpreter\linkResolver.cpp, line 840]

ZGC Phase Switch (0 events):
No events

VM Operations (20 events):
Event: 39.576 Executing VM operation: ParallelGCFailedAllocation (Allocation Failure)
Event: 39.581 Executing VM operation: ParallelGCFailedAllocation (Allocation Failure) done
Event: 40.482 Executing VM operation: ParallelGCFailedAllocation (Allocation Failure)
Event: 40.483 Executing VM operation: ParallelGCFailedAllocation (Allocation Failure) done
Event: 41.534 Executing VM operation: HandshakeAllThreads (Deoptimize)
Event: 41.545 Executing VM operation: HandshakeAllThreads (Deoptimize) done
Event: 41.545 Executing VM operation: Cleanup
Event: 41.546 Executing VM operation: Cleanup done
Event: 41.755 Executing VM operation: HandshakeAllThreads (Deoptimize)
Event: 41.755 Executing VM operation: HandshakeAllThreads (Deoptimize) done
Event: 41.757 Executing VM operation: HandshakeAllThreads (Deoptimize)
Event: 41.757 Executing VM operation: HandshakeAllThreads (Deoptimize) done
Event: 42.110 Executing VM operation: ParallelGCFailedAllocation (Allocation Failure)
Event: 42.115 Executing VM operation: ParallelGCFailedAllocation (Allocation Failure) done
Event: 42.417 Executing VM operation: HandshakeAllThreads (Deoptimize)
Event: 42.417 Executing VM operation: HandshakeAllThreads (Deoptimize) done
Event: 42.421 Executing VM operation: HandshakeAllThreads (Deoptimize)
Event: 42.421 Executing VM operation: HandshakeAllThreads (Deoptimize) done
Event: 42.690 Executing VM operation: HandshakeAllThreads (Deoptimize)
Event: 42.691 Executing VM operation: HandshakeAllThreads (Deoptimize) done

Memory protections (0 events):
No events

Nmethod flushes (20 events):
Event: 35.269 Thread 0x000001fbf2bd0f40 flushing  nmethod 0x000001fb804c2d90
Event: 35.269 Thread 0x000001fbf2bd0f40 flushing  nmethod 0x000001fb804c9790
Event: 35.269 Thread 0x000001fbf2bd0f40 flushing  nmethod 0x000001fb804cb690
Event: 35.269 Thread 0x000001fbf2bd0f40 flushing  nmethod 0x000001fb804cbc10
Event: 35.269 Thread 0x000001fbf2bd0f40 flushing  nmethod 0x000001fb804cf690
Event: 35.269 Thread 0x000001fbf2bd0f40 flushing  nmethod 0x000001fb804d5d90
Event: 35.269 Thread 0x000001fbf2bd0f40 flushing  nmethod 0x000001fb804dd890
Event: 35.269 Thread 0x000001fbf2bd0f40 flushing  nmethod 0x000001fb804e4f10
Event: 35.269 Thread 0x000001fbf2bd0f40 flushing  nmethod 0x000001fb804ec310
Event: 35.269 Thread 0x000001fbf2bd0f40 flushing  nmethod 0x000001fb80503d10
Event: 35.269 Thread 0x000001fbf2bd0f40 flushing  nmethod 0x000001fb8050d810
Event: 35.269 Thread 0x000001fbf2bd0f40 flushing  nmethod 0x000001fb80543410
Event: 35.269 Thread 0x000001fbf2bd0f40 flushing  nmethod 0x000001fb80548090
Event: 35.269 Thread 0x000001fbf2bd0f40 flushing  nmethod 0x000001fb80549d90
Event: 35.269 Thread 0x000001fbf2bd0f40 flushing  nmethod 0x000001fb80566610
Event: 35.269 Thread 0x000001fbf2bd0f40 flushing  nmethod 0x000001fb805a0b10
Event: 35.269 Thread 0x000001fbf2bd0f40 flushing  nmethod 0x000001fb805bf010
Event: 35.269 Thread 0x000001fbf2bd0f40 flushing  nmethod 0x000001fb80649e10
Event: 35.269 Thread 0x000001fbf2bd0f40 flushing  nmethod 0x000001fb8064a810
Event: 35.269 Thread 0x000001fbf2bd0f40 flushing  nmethod 0x000001fb80651990

Events (20 events):
Event: 22.126 Thread 0x000001fbfe602020 Thread exited: 0x000001fbfe602020
Event: 22.127 Thread 0x000001fbfe603a60 Thread exited: 0x000001fbfe603a60
Event: 22.170 Thread 0x000001fbfe84cb40 Thread added: 0x000001fbfda59190
Event: 22.170 Thread 0x000001fbfe84cb40 Thread added: 0x000001fbfe5fd7f0
Event: 22.170 Thread 0x000001fbfe84cb40 Thread added: 0x000001fbfe601300
Event: 22.170 Thread 0x000001fbfe84cb40 Thread added: 0x000001fbfe6033d0
Event: 22.688 Thread 0x000001fbfe5fd7f0 Thread exited: 0x000001fbfe5fd7f0
Event: 22.691 Thread 0x000001fbfe601300 Thread exited: 0x000001fbfe601300
Event: 22.698 Thread 0x000001fbfe6033d0 Thread exited: 0x000001fbfe6033d0
Event: 22.700 Thread 0x000001fbfda59190 Thread exited: 0x000001fbfda59190
Event: 24.316 Thread 0x000001fbfda5b260 Thread exited: 0x000001fbfda5b260
Event: 24.316 Thread 0x000001fbfda58470 Thread exited: 0x000001fbfda58470
Event: 24.316 Thread 0x000001fbfda5abd0 Thread exited: 0x000001fbfda5abd0
Event: 24.317 Thread 0x000001fbfda57de0 Thread exited: 0x000001fbfda57de0
Event: 34.532 Thread 0x000001fbfda59820 Thread added: 0x000001fbfda5b260
Event: 34.726 Thread 0x000001fbfda59eb0 Thread added: 0x000001fbfda57de0
Event: 34.755 Thread 0x000001fbfda57de0 Thread exited: 0x000001fbfda57de0
Event: 41.434 Thread 0x000001fbfe84cb40 Thread added: 0x000001fbfda57de0
Event: 41.492 Thread 0x000001fbfda57de0 Thread added: 0x000001fbfda59190
Event: 41.524 Thread 0x000001fbfda59190 Thread added: 0x000001fbfda58470


Dynamic libraries:
0x00007ff61d9a0000 - 0x00007ff61d9ae000 	c:\Users\alanp.DESKTOP-94EMTC4.000\.vscode\extensions\redhat.java-1.42.0-win32-x64\jre\21.0.7-win32-x86_64\bin\java.exe
0x00007ff9a0730000 - 0x00007ff9a0928000 	C:\WINDOWS\SYSTEM32\ntdll.dll
0x00007ff99fe00000 - 0x00007ff99fec2000 	C:\WINDOWS\System32\KERNEL32.DLL
0x00007ff99e230000 - 0x00007ff99e526000 	C:\WINDOWS\System32\KERNELBASE.dll
0x00007ff99e130000 - 0x00007ff99e230000 	C:\WINDOWS\System32\ucrtbase.dll
0x00007ff9980f0000 - 0x00007ff998108000 	c:\Users\alanp.DESKTOP-94EMTC4.000\.vscode\extensions\redhat.java-1.42.0-win32-x64\jre\21.0.7-win32-x86_64\bin\jli.dll
0x00007ff9a0550000 - 0x00007ff9a06ed000 	C:\WINDOWS\System32\USER32.dll
0x00007ff99dfe0000 - 0x00007ff99e002000 	C:\WINDOWS\System32\win32u.dll
0x00007ff99f200000 - 0x00007ff99f22b000 	C:\WINDOWS\System32\GDI32.dll
0x00007ff99e560000 - 0x00007ff99e67a000 	C:\WINDOWS\System32\gdi32full.dll
0x00007ff99e090000 - 0x00007ff99e12d000 	C:\WINDOWS\System32\msvcp_win.dll
0x00007ff987270000 - 0x00007ff98750a000 	C:\WINDOWS\WinSxS\amd64_microsoft.windows.common-controls_6595b64144ccf1df_6.0.19041.5794_none_60bcd33171f2783c\COMCTL32.dll
0x00007ff99e760000 - 0x00007ff99e7fe000 	C:\WINDOWS\System32\msvcrt.dll
0x00007ff997da0000 - 0x00007ff997dbe000 	c:\Users\alanp.DESKTOP-94EMTC4.000\.vscode\extensions\redhat.java-1.42.0-win32-x64\jre\21.0.7-win32-x86_64\bin\VCRUNTIME140.dll
0x00007ff9a03f0000 - 0x00007ff9a041f000 	C:\WINDOWS\System32\IMM32.DLL
0x00007ff997e60000 - 0x00007ff997e6c000 	c:\Users\alanp.DESKTOP-94EMTC4.000\.vscode\extensions\redhat.java-1.42.0-win32-x64\jre\21.0.7-win32-x86_64\bin\vcruntime140_1.dll
0x00007ff96ef80000 - 0x00007ff96f00d000 	c:\Users\alanp.DESKTOP-94EMTC4.000\.vscode\extensions\redhat.java-1.42.0-win32-x64\jre\21.0.7-win32-x86_64\bin\msvcp140.dll
0x00007ff96e1f0000 - 0x00007ff96ef80000 	c:\Users\alanp.DESKTOP-94EMTC4.000\.vscode\extensions\redhat.java-1.42.0-win32-x64\jre\21.0.7-win32-x86_64\bin\server\jvm.dll
0x00007ff99fd40000 - 0x00007ff99fdef000 	C:\WINDOWS\System32\ADVAPI32.dll
0x00007ff99fb40000 - 0x00007ff99fbdf000 	C:\WINDOWS\System32\sechost.dll
0x00007ff99f0d0000 - 0x00007ff99f1f3000 	C:\WINDOWS\System32\RPCRT4.dll
0x00007ff99e530000 - 0x00007ff99e557000 	C:\WINDOWS\System32\bcrypt.dll
0x00007ff99fcd0000 - 0x00007ff99fd3b000 	C:\WINDOWS\System32\WS2_32.dll
0x00007ff99d2d0000 - 0x00007ff99d31b000 	C:\WINDOWS\SYSTEM32\POWRPROF.dll
0x00007ff98c090000 - 0x00007ff98c0b7000 	C:\WINDOWS\SYSTEM32\WINMM.dll
0x00007ff9963e0000 - 0x00007ff9963ea000 	C:\WINDOWS\SYSTEM32\VERSION.dll
0x00007ff99d190000 - 0x00007ff99d1a2000 	C:\WINDOWS\SYSTEM32\UMPDC.dll
0x00007ff99bc30000 - 0x00007ff99bc42000 	C:\WINDOWS\SYSTEM32\kernel.appcore.dll
0x00007ff995390000 - 0x00007ff99539a000 	c:\Users\alanp.DESKTOP-94EMTC4.000\.vscode\extensions\redhat.java-1.42.0-win32-x64\jre\21.0.7-win32-x86_64\bin\jimage.dll
0x00007ff98aa10000 - 0x00007ff98ac11000 	C:\WINDOWS\SYSTEM32\DBGHELP.DLL
0x00007ff9801d0000 - 0x00007ff980204000 	C:\WINDOWS\SYSTEM32\dbgcore.DLL
0x00007ff99e680000 - 0x00007ff99e702000 	C:\WINDOWS\System32\bcryptPrimitives.dll
0x00007ff995380000 - 0x00007ff99538f000 	c:\Users\alanp.DESKTOP-94EMTC4.000\.vscode\extensions\redhat.java-1.42.0-win32-x64\jre\21.0.7-win32-x86_64\bin\instrument.dll
0x00007ff994370000 - 0x00007ff99438f000 	c:\Users\alanp.DESKTOP-94EMTC4.000\.vscode\extensions\redhat.java-1.42.0-win32-x64\jre\21.0.7-win32-x86_64\bin\java.dll
0x00007ff99f3c0000 - 0x00007ff99fb2e000 	C:\WINDOWS\System32\SHELL32.dll
0x00007ff99be30000 - 0x00007ff99c5d3000 	C:\WINDOWS\SYSTEM32\windows.storage.dll
0x00007ff9a0090000 - 0x00007ff9a03e3000 	C:\WINDOWS\System32\combase.dll
0x00007ff99d720000 - 0x00007ff99d74b000 	C:\WINDOWS\SYSTEM32\Wldp.dll
0x00007ff99eee0000 - 0x00007ff99efad000 	C:\WINDOWS\System32\OLEAUT32.dll
0x00007ff99f230000 - 0x00007ff99f2dd000 	C:\WINDOWS\System32\SHCORE.dll
0x00007ff99f2e0000 - 0x00007ff99f335000 	C:\WINDOWS\System32\shlwapi.dll
0x00007ff99dd00000 - 0x00007ff99dd25000 	C:\WINDOWS\SYSTEM32\profapi.dll
0x00007ff9942a0000 - 0x00007ff9942b8000 	c:\Users\alanp.DESKTOP-94EMTC4.000\.vscode\extensions\redhat.java-1.42.0-win32-x64\jre\21.0.7-win32-x86_64\bin\zip.dll
0x00007ff9952c0000 - 0x00007ff9952d0000 	C:\Users\alanp.DESKTOP-94EMTC4.000\.vscode\extensions\redhat.java-1.42.0-win32-x64\jre\21.0.7-win32-x86_64\bin\net.dll
0x00007ff995c90000 - 0x00007ff995d9a000 	C:\WINDOWS\SYSTEM32\WINHTTP.dll
0x00007ff99d500000 - 0x00007ff99d56c000 	C:\WINDOWS\system32\mswsock.dll
0x00007ff9941d0000 - 0x00007ff9941e6000 	C:\Users\alanp.DESKTOP-94EMTC4.000\.vscode\extensions\redhat.java-1.42.0-win32-x64\jre\21.0.7-win32-x86_64\bin\nio.dll
0x00007ff9982b0000 - 0x00007ff9982c0000 	c:\Users\alanp.DESKTOP-94EMTC4.000\.vscode\extensions\redhat.java-1.42.0-win32-x64\jre\21.0.7-win32-x86_64\bin\verify.dll
0x00007ff96dbb0000 - 0x00007ff96dbf5000 	C:\Users\alanp.DESKTOP-94EMTC4.000\AppData\Roaming\Code\User\globalStorage\redhat.java\1.42.0\config_ss_win\org.eclipse.equinox.launcher\org.eclipse.equinox.launcher.win32.win32.x86_64_1.2.1300.v20250331-1702\eclipse_11911.dll
0x00007ff9a0420000 - 0x00007ff9a054b000 	C:\WINDOWS\System32\ole32.dll
0x00007ff994910000 - 0x00007ff99491a000 	C:\Users\alanp.DESKTOP-94EMTC4.000\.vscode\extensions\redhat.java-1.42.0-win32-x64\jre\21.0.7-win32-x86_64\bin\management.dll
0x00007ff98bf90000 - 0x00007ff98bf9b000 	C:\Users\alanp.DESKTOP-94EMTC4.000\.vscode\extensions\redhat.java-1.42.0-win32-x64\jre\21.0.7-win32-x86_64\bin\management_ext.dll
0x00007ff99fdf0000 - 0x00007ff99fdf8000 	C:\WINDOWS\System32\PSAPI.DLL
0x00007ff99da70000 - 0x00007ff99da88000 	C:\WINDOWS\SYSTEM32\CRYPTSP.dll
0x00007ff99cdd0000 - 0x00007ff99ce08000 	C:\WINDOWS\system32\rsaenh.dll
0x00007ff99dcc0000 - 0x00007ff99dcee000 	C:\WINDOWS\SYSTEM32\USERENV.dll
0x00007ff99d690000 - 0x00007ff99d69c000 	C:\WINDOWS\SYSTEM32\CRYPTBASE.dll
0x00007ff99d1b0000 - 0x00007ff99d1eb000 	C:\WINDOWS\SYSTEM32\IPHLPAPI.DLL
0x00007ff99eed0000 - 0x00007ff99eed8000 	C:\WINDOWS\System32\NSI.dll
0x00007ff96b950000 - 0x00007ff96b999000 	C:\Users\alanp.DESKTOP-94EMTC4.000\AppData\Local\Temp\jna-92895704\jna10438588378152959351.dll
0x00007ff997940000 - 0x00007ff997957000 	C:\WINDOWS\SYSTEM32\dhcpcsvc6.DLL
0x00007ff997880000 - 0x00007ff99789d000 	C:\WINDOWS\SYSTEM32\dhcpcsvc.DLL

dbghelp: loaded successfully - version: 4.0.5 - missing functions: none
symbol engine: initialized successfully - sym options: 0x614 - pdb path: .;c:\Users\alanp.DESKTOP-94EMTC4.000\.vscode\extensions\redhat.java-1.42.0-win32-x64\jre\21.0.7-win32-x86_64\bin;C:\WINDOWS\SYSTEM32;C:\WINDOWS\WinSxS\amd64_microsoft.windows.common-controls_6595b64144ccf1df_6.0.19041.5794_none_60bcd33171f2783c;c:\Users\alanp.DESKTOP-94EMTC4.000\.vscode\extensions\redhat.java-1.42.0-win32-x64\jre\21.0.7-win32-x86_64\bin\server;C:\Users\alanp.DESKTOP-94EMTC4.000\AppData\Roaming\Code\User\globalStorage\redhat.java\1.42.0\config_ss_win\org.eclipse.equinox.launcher\org.eclipse.equinox.launcher.win32.win32.x86_64_1.2.1300.v20250331-1702;C:\Users\alanp.DESKTOP-94EMTC4.000\AppData\Local\Temp\jna-92895704

VM Arguments:
jvm_args: --add-modules=ALL-SYSTEM --add-opens=java.base/java.util=ALL-UNNAMED --add-opens=java.base/java.lang=ALL-UNNAMED --add-opens=java.base/sun.nio.fs=ALL-UNNAMED -Declipse.application=org.eclipse.jdt.ls.core.id1 -Dosgi.bundles.defaultStartLevel=4 -Declipse.product=org.eclipse.jdt.ls.core.product -Djava.import.generatesMetadataFilesAtProjectRoot=false -DDetectVMInstallationsJob.disabled=true -Dfile.encoding=utf8 -XX:+UseParallelGC -XX:GCTimeRatio=4 -XX:AdaptiveSizePolicyWeight=90 -Dsun.zip.disableMemoryMapping=true -Xmx1G -Xms100m -Xlog:disable -javaagent:c:\Users\alanp.DESKTOP-94EMTC4.000\.vscode\extensions\redhat.java-1.42.0-win32-x64\lombok\lombok-1.18.36.jar 
java_command: c:\Users\alanp.DESKTOP-94EMTC4.000\.vscode\extensions\redhat.java-1.42.0-win32-x64\server\plugins\org.eclipse.equinox.launcher_1.7.0.v20250424-1814.jar -configuration c:\Users\alanp.DESKTOP-94EMTC4.000\AppData\Roaming\Code\User\globalStorage\redhat.java\1.42.0\config_ss_win -data c:\Users\alanp.DESKTOP-94EMTC4.000\AppData\Roaming\Code\User\workspaceStorage\fa41ceedfd5d67469da4beb8e517eeeb\redhat.java\ss_ws --pipe=\\.\pipe\lsp-5be778e9738f3236b87563f4f0f60dd7-sock
java_class_path (initial): c:\Users\alanp.DESKTOP-94EMTC4.000\.vscode\extensions\redhat.java-1.42.0-win32-x64\server\plugins\org.eclipse.equinox.launcher_1.7.0.v20250424-1814.jar
Launcher Type: SUN_STANDARD

[Global flags]
    uintx AdaptiveSizePolicyWeight                 = 90                                        {product} {command line}
     intx CICompilerCount                          = 3                                         {product} {ergonomic}
    uintx GCTimeRatio                              = 4                                         {product} {command line}
   size_t InitialHeapSize                          = 104857600                                 {product} {command line}
   size_t MaxHeapSize                              = 1073741824                                {product} {command line}
   size_t MaxNewSize                               = 357564416                                 {product} {ergonomic}
   size_t MinHeapDeltaBytes                        = 524288                                    {product} {ergonomic}
   size_t MinHeapSize                              = 104857600                                 {product} {command line}
   size_t NewSize                                  = 34603008                                  {product} {ergonomic}
    uintx NonNMethodCodeHeapSize                   = 5832780                                {pd product} {ergonomic}
    uintx NonProfiledCodeHeapSize                  = 122912730                              {pd product} {ergonomic}
   size_t OldSize                                  = 70254592                                  {product} {ergonomic}
    uintx ProfiledCodeHeapSize                     = 122912730                              {pd product} {ergonomic}
    uintx ReservedCodeCacheSize                    = 251658240                              {pd product} {ergonomic}
     bool SegmentedCodeCache                       = true                                      {product} {ergonomic}
   size_t SoftMaxHeapSize                          = 1073741824                             {manageable} {ergonomic}
     bool UseCompressedOops                        = true                           {product lp64_product} {ergonomic}
     bool UseLargePagesIndividualAllocation        = false                                  {pd product} {ergonomic}
     bool UseParallelGC                            = true                                      {product} {command line}

Logging:
Log output configuration:
 #0: stdout all=off uptime,level,tags foldmultilines=false
 #1: stderr all=off uptime,level,tags foldmultilines=false

Environment Variables:
PATH=C:\Program Files\Common Files\Oracle\Java\javapath;C:\Program Files (x86)\Common Files\Oracle\Java\javapath;c:\Users\alanp.DESKTOP-94EMTC4.000\AppData\Local\Programs\cursor\resources\app\bin;C:\Program Files\Zen Browser;C:\WINDOWS\system32;C:\WINDOWS;C:\WINDOWS\System32\Wbem;C:\WINDOWS\System32\WindowsPowerShell\v1.0\;C:\WINDOWS\System32\OpenSSH\;C:\Users\alanp.DESKTOP-94EMTC4.000\AppData\Local\Microsoft\WindowsApps;C:\Users\alanp.DESKTOP-94EMTC4.000\AppData\Local\Programs\cursor\resources\app\bin;c:\Users\alanp.DESKTOP-94EMTC4.000\AppData\Local\Programs\cursor\resources\app\bin;c:\Users\alanp.DESKTOP-94EMTC4.000\AppData\Local\Programs\cursor\resources\app\bin;C:\ProgramData\chocolatey\bin;C:\Program Files\nodejs\;C:\Program Files\Git\cmd;C:\Program Files\PuTTY\;C:\Program Files\GitHub CLI\;C:\Program Files\Void\bin;C:\Users\alanp.DESKTOP-94EMTC4.000\AppData\Local\Programs\Python\Python313\Scripts\;C:\Users\alanp.DESKTOP-94EMTC4.000\AppData\Local\Programs\Python\Python313\;C:\Users\alanp.DESKTOP-94EMTC4.000\AppData\Local\Microsoft\WindowsApps;C:\Users\alanp.DESKTOP-94EMTC4.000\AppData\Roaming\npm;C:\Users\alanp.DESKTOP-94EMTC4.000\AppData\Local\Programs\Microsoft VS Code\bin;C:\Users\alanp.DESKTOP-94EMTC4.000\AppData\Local\JetBrains\Toolbox\scripts;C:\Users\alanp.DESKTOP-94EMTC4.000\AppData\Local\Programs\cursor\resources\app\bin;Z:\mango sh\;C:\Users\alanp.DESKTOP-94EMTC4.000\AppData\Local\Programs\Windsurf\bin
USERNAME=alanp
OS=Windows_NT
PROCESSOR_IDENTIFIER=Intel64 Family 6 Model 60 Stepping 3, GenuineIntel
TMP=C:\Users\ALANPD~1.000\AppData\Local\Temp
TEMP=C:\Users\ALANPD~1.000\AppData\Local\Temp




Periodic native trim disabled

---------------  S Y S T E M  ---------------

OS:
 Windows 10 , 64 bit Build 19041 (10.0.19041.5794)
OS uptime: 0 days 19:21 hours
Hyper-V role detected

CPU: total 4 (initial active 4) (2 cores per cpu, 2 threads per core) family 6 model 60 stepping 3 microcode 0x27, cx8, cmov, fxsr, ht, mmx, sse, sse2, sse3, ssse3, sse4.1, sse4.2, popcnt, lzcnt, tsc, tscinvbit, avx, avx2, aes, erms, clmul, bmi1, bmi2, fma, vzeroupper, clflush, hv, rdtscp, f16c
Processor Information for the first 4 processors :
  Max Mhz: 3392, Current Mhz: 3392, Mhz Limit: 3392

Memory: 4k page, system-wide physical 4054M (231M free)
TotalPageFile size 16342M (AvailPageFile size 4M)
current process WorkingSet (physical memory assigned to process): 176M, peak: 199M
current process commit charge ("private bytes"): 256M, peak: 266M

vm_info: OpenJDK 64-Bit Server VM (21.0.7+6-LTS) for windows-amd64 JRE (21.0.7+6-LTS), built on 2025-04-15T00:00:00Z by "admin" with MS VC++ 17.7 (VS2022)

END.
